[2016-10-10 22:28:58] request.INFO: Matched route "nestle_web_bower" (parameters: "_controller": "Nestle\WebBundle\Controller\BowerController::bowersAction", "_route": "nestle_web_bower") [] []
[2016-10-10 22:28:58] security.DEBUG: Read SecurityContext from the session [] []
[2016-10-10 22:28:58] security.DEBUG: Reloading user from user provider. [] []
[2016-10-10 22:28:59] propel.DEBUG: time:  0.286 sec | mem:   17.4 MB | connection: default | SELECT `id`, `fname`, `lname`, `username`, `password`, `level`, `department`, `last_login`, `token`, `status` FROM `users` WHERE `id` = 1 [] []
[2016-10-10 22:28:59] security.DEBUG: Username "admin" was reloaded from user provider. [] []
[2016-10-10 22:28:59] event.DEBUG: Notified event "kernel.request" to listener "Symfony\Component\HttpKernel\EventListener\DebugHandlersListener::configure". [] []
[2016-10-10 22:28:59] event.DEBUG: Notified event "kernel.request" to listener "Symfony\Bundle\FrameworkBundle\EventListener\SessionListener::onKernelRequest". [] []
[2016-10-10 22:28:59] event.DEBUG: Notified event "kernel.request" to listener "Symfony\Component\HttpKernel\EventListener\FragmentListener::onKernelRequest". [] []
[2016-10-10 22:28:59] event.DEBUG: Notified event "kernel.request" to listener "Symfony\Component\HttpKernel\EventListener\RouterListener::onKernelRequest". [] []
[2016-10-10 22:28:59] event.DEBUG: Notified event "kernel.request" to listener "Symfony\Component\HttpKernel\EventListener\LocaleListener::onKernelRequest". [] []
[2016-10-10 22:28:59] event.DEBUG: Notified event "kernel.request" to listener "Symfony\Component\HttpKernel\EventListener\TranslatorListener::onKernelRequest". [] []
[2016-10-10 22:28:59] event.DEBUG: Notified event "kernel.request" to listener "Symfony\Component\Security\Http\Firewall::onKernelRequest". [] []
[2016-10-10 22:28:59] event.DEBUG: Notified event "kernel.controller" to listener "Sensio\Bundle\FrameworkExtraBundle\EventListener\ControllerListener::onKernelController". [] []
[2016-10-10 22:28:59] event.DEBUG: Notified event "kernel.controller" to listener "Sensio\Bundle\FrameworkExtraBundle\EventListener\ParamConverterListener::onKernelController". [] []
[2016-10-10 22:28:59] event.DEBUG: Notified event "kernel.controller" to listener "Sensio\Bundle\FrameworkExtraBundle\EventListener\HttpCacheListener::onKernelController". [] []
[2016-10-10 22:28:59] event.DEBUG: Notified event "kernel.controller" to listener "Sensio\Bundle\FrameworkExtraBundle\EventListener\SecurityListener::onKernelController". [] []
[2016-10-10 22:28:59] event.DEBUG: Notified event "kernel.controller" to listener "Sensio\Bundle\FrameworkExtraBundle\EventListener\TemplateListener::onKernelController". [] []
[2016-10-10 22:29:00] propel.DEBUG: time:  0.249 sec | mem:   18.3 MB | connection: default | SELECT bower.id, bower.fname, bower.lname, bower.contact_number, bower.bdate, bower.username, bower.password, bower.area_id, bower.status, bower.bower_id, bower.distributor, bower.nestle_region, bower.distributor_id FROM `bower` WHERE bower.status<>-1 [] []
[2016-10-10 22:29:00] propel.DEBUG: time:  0.246 sec | mem:   19.2 MB | connection: default | SELECT area.id, area.area, area.city_id, area.status FROM `area` WHERE area.id=10 [] []
[2016-10-10 22:29:00] propel.DEBUG: time:  0.248 sec | mem:   19.8 MB | connection: default | SELECT city.id, city.city, city.province_id, city.status FROM `city` WHERE city.id=976 [] []
[2016-10-10 22:29:00] propel.DEBUG: time:  0.247 sec | mem:   20.4 MB | connection: default | SELECT province.id, province.province, province.region_id, province.status FROM `province` WHERE province.id=47 [] []
[2016-10-10 22:29:01] propel.DEBUG: time:  0.263 sec | mem:   20.9 MB | connection: default | SELECT region.id, region.region, region.status FROM `region` WHERE region.id=1 [] []
[2016-10-10 22:29:01] php.EMERGENCY: Fatal Error: Call to a member function getNestleRegion() on null {"type":1,"file":"/Users/jarnielcataluna/Documents/Projects/nestle-bower-demo/httpdocs/src/Nestle/WebBundle/Controller/BowerController.php","line":55,"level":16383,"stack":[]} []
[2016-10-10 22:29:01] request.CRITICAL: Uncaught PHP Exception Symfony\Component\Debug\Exception\FatalErrorException: "Error: Call to a member function getNestleRegion() on null" at /Users/jarnielcataluna/Documents/Projects/nestle-bower-demo/httpdocs/src/Nestle/WebBundle/Controller/BowerController.php line 55 {"exception":"[object] (Symfony\\Component\\Debug\\Exception\\FatalErrorException(code: 0): Error: Call to a member function getNestleRegion() on null at /Users/jarnielcataluna/Documents/Projects/nestle-bower-demo/httpdocs/src/Nestle/WebBundle/Controller/BowerController.php:55)"} []
[2016-10-10 22:29:01] event.DEBUG: Notified event "kernel.request" to listener "Symfony\Component\HttpKernel\EventListener\DebugHandlersListener::configure". [] []
[2016-10-10 22:29:01] event.DEBUG: Notified event "kernel.request" to listener "Symfony\Bundle\FrameworkBundle\EventListener\SessionListener::onKernelRequest". [] []
[2016-10-10 22:29:01] event.DEBUG: Notified event "kernel.request" to listener "Symfony\Component\HttpKernel\EventListener\FragmentListener::onKernelRequest". [] []
[2016-10-10 22:29:01] event.DEBUG: Notified event "kernel.request" to listener "Symfony\Component\HttpKernel\EventListener\RouterListener::onKernelRequest". [] []
[2016-10-10 22:29:01] event.DEBUG: Notified event "kernel.request" to listener "Symfony\Component\HttpKernel\EventListener\LocaleListener::onKernelRequest". [] []
[2016-10-10 22:29:01] event.DEBUG: Notified event "kernel.request" to listener "Symfony\Component\HttpKernel\EventListener\TranslatorListener::onKernelRequest". [] []
[2016-10-10 22:29:01] event.DEBUG: Notified event "kernel.request" to listener "Symfony\Component\Security\Http\Firewall::onKernelRequest". [] []
[2016-10-10 22:29:01] event.DEBUG: Notified event "kernel.controller" to listener "Sensio\Bundle\FrameworkExtraBundle\EventListener\ControllerListener::onKernelController". [] []
[2016-10-10 22:29:01] event.DEBUG: Notified event "kernel.controller" to listener "Sensio\Bundle\FrameworkExtraBundle\EventListener\ParamConverterListener::onKernelController". [] []
[2016-10-10 22:29:01] event.DEBUG: Notified event "kernel.controller" to listener "Sensio\Bundle\FrameworkExtraBundle\EventListener\HttpCacheListener::onKernelController". [] []
[2016-10-10 22:29:01] event.DEBUG: Notified event "kernel.controller" to listener "Sensio\Bundle\FrameworkExtraBundle\EventListener\SecurityListener::onKernelController". [] []
[2016-10-10 22:29:01] event.DEBUG: Notified event "kernel.controller" to listener "Sensio\Bundle\FrameworkExtraBundle\EventListener\TemplateListener::onKernelController". [] []
[2016-10-10 22:29:01] php.DEBUG: The Twig_Filter_Method class is deprecated since version 1.12 and will be removed in 2.0. Use Twig_SimpleFilter instead. {"type":16384,"file":"/Users/jarnielcataluna/Documents/Projects/nestle-bower-demo/httpdocs/vendor/twig/twig/lib/Twig/Filter/Method.php","line":12,"level":4352} []
[2016-10-10 22:29:01] php.DEBUG: The Twig_Filter class is deprecated since version 1.12 and will be removed in 2.0. Use Twig_SimpleFilter instead. {"type":16384,"file":"/Users/jarnielcataluna/Documents/Projects/nestle-bower-demo/httpdocs/vendor/twig/twig/lib/Twig/Filter.php","line":12,"level":4352} []
[2016-10-10 22:29:01] php.DEBUG: Using an instance of "Twig_Filter_Method" for filter "format_sql" is deprecated since version 1.21. Use Twig_SimpleFilter instead. {"type":16384,"file":"/Users/jarnielcataluna/Documents/Projects/nestle-bower-demo/httpdocs/vendor/twig/twig/lib/Twig/Environment.php","line":1317,"level":4352} []
[2016-10-10 22:29:01] php.DEBUG: Defining the initRuntime() method in the "form" extension is deprecated since version 1.23. Use the `needs_environment` option to get the Twig_Environment instance in filters, functions, or tests; or explicitly implement Twig_Extension_InitRuntimeInterface if needed (not recommended). {"type":16384,"file":"/Users/jarnielcataluna/Documents/Projects/nestle-bower-demo/httpdocs/vendor/twig/twig/lib/Twig/Environment.php","line":740,"level":4352} []
[2016-10-10 22:29:01] event.DEBUG: Notified event "kernel.response" to listener "Symfony\Component\Security\Http\Firewall\ContextListener::onKernelResponse". [] []
[2016-10-10 22:29:01] event.DEBUG: Notified event "kernel.response" to listener "Symfony\Component\HttpKernel\EventListener\ResponseListener::onKernelResponse". [] []
[2016-10-10 22:29:01] event.DEBUG: Notified event "kernel.response" to listener "Symfony\Component\Security\Http\RememberMe\ResponseListener::onKernelResponse". [] []
[2016-10-10 22:29:01] event.DEBUG: Notified event "kernel.response" to listener "Sensio\Bundle\FrameworkExtraBundle\EventListener\HttpCacheListener::onKernelResponse". [] []
[2016-10-10 22:29:01] event.DEBUG: Notified event "kernel.response" to listener "Symfony\Component\HttpKernel\EventListener\SaveSessionListener::onKernelResponse". [] []
[2016-10-10 22:29:01] event.DEBUG: Notified event "kernel.response" to listener "Symfony\Component\HttpKernel\EventListener\StreamedResponseListener::onKernelResponse". [] []
[2016-10-10 22:29:01] event.DEBUG: Notified event "kernel.finish_request" to listener "Symfony\Component\HttpKernel\EventListener\LocaleListener::onKernelFinishRequest". [] []
[2016-10-10 22:29:01] event.DEBUG: Notified event "kernel.finish_request" to listener "Symfony\Component\HttpKernel\EventListener\TranslatorListener::onKernelFinishRequest". [] []
[2016-10-10 22:29:01] event.DEBUG: Notified event "kernel.finish_request" to listener "Symfony\Component\HttpKernel\EventListener\RouterListener::onKernelFinishRequest". [] []
[2016-10-10 22:29:01] event.DEBUG: Notified event "kernel.finish_request" to listener "Symfony\Component\Security\Http\Firewall::onKernelFinishRequest". [] []
[2016-10-10 22:29:01] event.DEBUG: Notified event "kernel.exception" to listener "Symfony\Component\Security\Http\Firewall\ExceptionListener::onKernelException". [] []
[2016-10-10 22:29:01] event.DEBUG: Notified event "kernel.exception" to listener "Symfony\Component\HttpKernel\EventListener\ExceptionListener::onKernelException". [] []
[2016-10-10 22:29:01] event.DEBUG: Listener "Symfony\Component\HttpKernel\EventListener\ExceptionListener::onKernelException" stopped propagation of the event "kernel.exception". [] []
[2016-10-10 22:29:01] security.DEBUG: Write SecurityContext in the session [] []
[2016-10-10 22:29:01] event.DEBUG: Notified event "kernel.response" to listener "Symfony\Component\HttpKernel\EventListener\ResponseListener::onKernelResponse". [] []
[2016-10-10 22:29:01] event.DEBUG: Notified event "kernel.response" to listener "Symfony\Component\Security\Http\RememberMe\ResponseListener::onKernelResponse". [] []
[2016-10-10 22:29:01] event.DEBUG: Notified event "kernel.response" to listener "Sensio\Bundle\FrameworkExtraBundle\EventListener\HttpCacheListener::onKernelResponse". [] []
[2016-10-10 22:29:01] event.DEBUG: Notified event "kernel.response" to listener "Symfony\Component\HttpKernel\EventListener\SaveSessionListener::onKernelResponse". [] []
[2016-10-10 22:29:01] event.DEBUG: Notified event "kernel.response" to listener "Symfony\Component\HttpKernel\EventListener\StreamedResponseListener::onKernelResponse". [] []
[2016-10-10 22:29:01] event.DEBUG: Notified event "kernel.finish_request" to listener "Symfony\Component\HttpKernel\EventListener\LocaleListener::onKernelFinishRequest". [] []
[2016-10-10 22:29:01] event.DEBUG: Notified event "kernel.finish_request" to listener "Symfony\Component\HttpKernel\EventListener\TranslatorListener::onKernelFinishRequest". [] []
[2016-10-10 22:29:01] event.DEBUG: Notified event "kernel.finish_request" to listener "Symfony\Component\HttpKernel\EventListener\RouterListener::onKernelFinishRequest". [] []
[2016-10-10 22:29:01] event.DEBUG: Notified event "kernel.finish_request" to listener "Symfony\Component\Security\Http\Firewall::onKernelFinishRequest". [] []
[2016-10-10 22:29:01] event.DEBUG: Notified event "kernel.terminate" to listener "Symfony\Bundle\SwiftmailerBundle\EventListener\EmailSenderListener::onTerminate". [] []
[2016-10-10 22:31:09] request.INFO: Matched route "nestle_web_bower" (parameters: "_controller": "Nestle\WebBundle\Controller\BowerController::bowersAction", "_route": "nestle_web_bower") [] []
[2016-10-10 22:31:09] security.DEBUG: Read SecurityContext from the session [] []
[2016-10-10 22:31:09] security.DEBUG: Reloading user from user provider. [] []
[2016-10-10 22:31:11] propel.DEBUG: time:  0.283 sec | mem:    9.2 MB | connection: default | SELECT `id`, `fname`, `lname`, `username`, `password`, `level`, `department`, `last_login`, `token`, `status` FROM `users` WHERE `id` = 1 [] []
[2016-10-10 22:31:11] security.DEBUG: Username "admin" was reloaded from user provider. [] []
[2016-10-10 22:31:11] event.DEBUG: Notified event "kernel.request" to listener "Symfony\Component\HttpKernel\EventListener\DebugHandlersListener::configure". [] []
[2016-10-10 22:31:11] event.DEBUG: Notified event "kernel.request" to listener "Symfony\Bundle\FrameworkBundle\EventListener\SessionListener::onKernelRequest". [] []
[2016-10-10 22:31:11] event.DEBUG: Notified event "kernel.request" to listener "Symfony\Component\HttpKernel\EventListener\FragmentListener::onKernelRequest". [] []
[2016-10-10 22:31:11] event.DEBUG: Notified event "kernel.request" to listener "Symfony\Component\HttpKernel\EventListener\RouterListener::onKernelRequest". [] []
[2016-10-10 22:31:11] event.DEBUG: Notified event "kernel.request" to listener "Symfony\Component\HttpKernel\EventListener\LocaleListener::onKernelRequest". [] []
[2016-10-10 22:31:11] event.DEBUG: Notified event "kernel.request" to listener "Symfony\Component\HttpKernel\EventListener\TranslatorListener::onKernelRequest". [] []
[2016-10-10 22:31:11] event.DEBUG: Notified event "kernel.request" to listener "Symfony\Component\Security\Http\Firewall::onKernelRequest". [] []
[2016-10-10 22:31:11] php.EMERGENCY: Fatal Compile Error: Cannot use isset() on the result of a function call (you can use "null !== func()" instead) {"type":64,"file":"/Users/jarnielcataluna/Documents/Projects/nestle-bower-demo/httpdocs/src/Nestle/WebBundle/Controller/BowerController.php","line":55,"level":16383,"stack":[]} []
[2016-10-10 22:31:11] request.INFO: Matched route "nestle_web_bower" (parameters: "_controller": "Nestle\WebBundle\Controller\BowerController::bowersAction", "_route": "nestle_web_bower") [] []
[2016-10-10 22:31:11] security.DEBUG: Read SecurityContext from the session [] []
[2016-10-10 22:31:11] security.DEBUG: Reloading user from user provider. [] []
[2016-10-10 22:31:12] propel.DEBUG: time:  0.277 sec | mem:    8.9 MB | connection: default | SELECT `id`, `fname`, `lname`, `username`, `password`, `level`, `department`, `last_login`, `token`, `status` FROM `users` WHERE `id` = 1 [] []
[2016-10-10 22:31:12] security.DEBUG: Username "admin" was reloaded from user provider. [] []
[2016-10-10 22:31:12] event.DEBUG: Notified event "kernel.request" to listener "Symfony\Component\HttpKernel\EventListener\DebugHandlersListener::configure". [] []
[2016-10-10 22:31:12] event.DEBUG: Notified event "kernel.request" to listener "Symfony\Bundle\FrameworkBundle\EventListener\SessionListener::onKernelRequest". [] []
[2016-10-10 22:31:12] event.DEBUG: Notified event "kernel.request" to listener "Symfony\Component\HttpKernel\EventListener\FragmentListener::onKernelRequest". [] []
[2016-10-10 22:31:12] event.DEBUG: Notified event "kernel.request" to listener "Symfony\Component\HttpKernel\EventListener\RouterListener::onKernelRequest". [] []
[2016-10-10 22:31:12] event.DEBUG: Notified event "kernel.request" to listener "Symfony\Component\HttpKernel\EventListener\LocaleListener::onKernelRequest". [] []
[2016-10-10 22:31:12] event.DEBUG: Notified event "kernel.request" to listener "Symfony\Component\HttpKernel\EventListener\TranslatorListener::onKernelRequest". [] []
[2016-10-10 22:31:12] event.DEBUG: Notified event "kernel.request" to listener "Symfony\Component\Security\Http\Firewall::onKernelRequest". [] []
[2016-10-10 22:31:12] php.EMERGENCY: Fatal Compile Error: Cannot use isset() on the result of a function call (you can use "null !== func()" instead) {"type":64,"file":"/Users/jarnielcataluna/Documents/Projects/nestle-bower-demo/httpdocs/src/Nestle/WebBundle/Controller/BowerController.php","line":55,"level":16383,"stack":[]} []
[2016-10-10 22:31:12] request.INFO: Matched route "nestle_web_bower" (parameters: "_controller": "Nestle\WebBundle\Controller\BowerController::bowersAction", "_route": "nestle_web_bower") [] []
[2016-10-10 22:31:12] security.DEBUG: Read SecurityContext from the session [] []
[2016-10-10 22:31:12] security.DEBUG: Reloading user from user provider. [] []
[2016-10-10 22:31:14] propel.DEBUG: time:  0.249 sec | mem:    8.9 MB | connection: default | SELECT `id`, `fname`, `lname`, `username`, `password`, `level`, `department`, `last_login`, `token`, `status` FROM `users` WHERE `id` = 1 [] []
[2016-10-10 22:31:14] security.DEBUG: Username "admin" was reloaded from user provider. [] []
[2016-10-10 22:31:14] event.DEBUG: Notified event "kernel.request" to listener "Symfony\Component\HttpKernel\EventListener\DebugHandlersListener::configure". [] []
[2016-10-10 22:31:14] event.DEBUG: Notified event "kernel.request" to listener "Symfony\Bundle\FrameworkBundle\EventListener\SessionListener::onKernelRequest". [] []
[2016-10-10 22:31:14] event.DEBUG: Notified event "kernel.request" to listener "Symfony\Component\HttpKernel\EventListener\FragmentListener::onKernelRequest". [] []
[2016-10-10 22:31:14] event.DEBUG: Notified event "kernel.request" to listener "Symfony\Component\HttpKernel\EventListener\RouterListener::onKernelRequest". [] []
[2016-10-10 22:31:14] event.DEBUG: Notified event "kernel.request" to listener "Symfony\Component\HttpKernel\EventListener\LocaleListener::onKernelRequest". [] []
[2016-10-10 22:31:14] event.DEBUG: Notified event "kernel.request" to listener "Symfony\Component\HttpKernel\EventListener\TranslatorListener::onKernelRequest". [] []
[2016-10-10 22:31:14] event.DEBUG: Notified event "kernel.request" to listener "Symfony\Component\Security\Http\Firewall::onKernelRequest". [] []
[2016-10-10 22:31:14] php.EMERGENCY: Fatal Compile Error: Cannot use isset() on the result of a function call (you can use "null !== func()" instead) {"type":64,"file":"/Users/jarnielcataluna/Documents/Projects/nestle-bower-demo/httpdocs/src/Nestle/WebBundle/Controller/BowerController.php","line":55,"level":16383,"stack":[]} []
[2016-10-10 22:31:15] request.INFO: Matched route "nestle_web_bower" (parameters: "_controller": "Nestle\WebBundle\Controller\BowerController::bowersAction", "_route": "nestle_web_bower") [] []
[2016-10-10 22:31:15] security.DEBUG: Read SecurityContext from the session [] []
[2016-10-10 22:31:15] security.DEBUG: Reloading user from user provider. [] []
[2016-10-10 22:31:16] propel.DEBUG: time:  0.255 sec | mem:    8.9 MB | connection: default | SELECT `id`, `fname`, `lname`, `username`, `password`, `level`, `department`, `last_login`, `token`, `status` FROM `users` WHERE `id` = 1 [] []
[2016-10-10 22:31:16] security.DEBUG: Username "admin" was reloaded from user provider. [] []
[2016-10-10 22:31:16] event.DEBUG: Notified event "kernel.request" to listener "Symfony\Component\HttpKernel\EventListener\DebugHandlersListener::configure". [] []
[2016-10-10 22:31:16] event.DEBUG: Notified event "kernel.request" to listener "Symfony\Bundle\FrameworkBundle\EventListener\SessionListener::onKernelRequest". [] []
[2016-10-10 22:31:16] event.DEBUG: Notified event "kernel.request" to listener "Symfony\Component\HttpKernel\EventListener\FragmentListener::onKernelRequest". [] []
[2016-10-10 22:31:16] event.DEBUG: Notified event "kernel.request" to listener "Symfony\Component\HttpKernel\EventListener\RouterListener::onKernelRequest". [] []
[2016-10-10 22:31:16] event.DEBUG: Notified event "kernel.request" to listener "Symfony\Component\HttpKernel\EventListener\LocaleListener::onKernelRequest". [] []
[2016-10-10 22:31:16] event.DEBUG: Notified event "kernel.request" to listener "Symfony\Component\HttpKernel\EventListener\TranslatorListener::onKernelRequest". [] []
[2016-10-10 22:31:16] event.DEBUG: Notified event "kernel.request" to listener "Symfony\Component\Security\Http\Firewall::onKernelRequest". [] []
[2016-10-10 22:31:16] php.EMERGENCY: Fatal Compile Error: Cannot use isset() on the result of a function call (you can use "null !== func()" instead) {"type":64,"file":"/Users/jarnielcataluna/Documents/Projects/nestle-bower-demo/httpdocs/src/Nestle/WebBundle/Controller/BowerController.php","line":55,"level":16383,"stack":[]} []
[2016-10-10 22:31:16] request.INFO: Matched route "nestle_web_bower" (parameters: "_controller": "Nestle\WebBundle\Controller\BowerController::bowersAction", "_route": "nestle_web_bower") [] []
[2016-10-10 22:31:16] security.DEBUG: Read SecurityContext from the session [] []
[2016-10-10 22:31:16] security.DEBUG: Reloading user from user provider. [] []
[2016-10-10 22:31:18] propel.DEBUG: time:  0.257 sec | mem:    8.9 MB | connection: default | SELECT `id`, `fname`, `lname`, `username`, `password`, `level`, `department`, `last_login`, `token`, `status` FROM `users` WHERE `id` = 1 [] []
[2016-10-10 22:31:18] security.DEBUG: Username "admin" was reloaded from user provider. [] []
[2016-10-10 22:31:18] event.DEBUG: Notified event "kernel.request" to listener "Symfony\Component\HttpKernel\EventListener\DebugHandlersListener::configure". [] []
[2016-10-10 22:31:18] event.DEBUG: Notified event "kernel.request" to listener "Symfony\Bundle\FrameworkBundle\EventListener\SessionListener::onKernelRequest". [] []
[2016-10-10 22:31:18] event.DEBUG: Notified event "kernel.request" to listener "Symfony\Component\HttpKernel\EventListener\FragmentListener::onKernelRequest". [] []
[2016-10-10 22:31:18] event.DEBUG: Notified event "kernel.request" to listener "Symfony\Component\HttpKernel\EventListener\RouterListener::onKernelRequest". [] []
[2016-10-10 22:31:18] event.DEBUG: Notified event "kernel.request" to listener "Symfony\Component\HttpKernel\EventListener\LocaleListener::onKernelRequest". [] []
[2016-10-10 22:31:18] event.DEBUG: Notified event "kernel.request" to listener "Symfony\Component\HttpKernel\EventListener\TranslatorListener::onKernelRequest". [] []
[2016-10-10 22:31:18] event.DEBUG: Notified event "kernel.request" to listener "Symfony\Component\Security\Http\Firewall::onKernelRequest". [] []
[2016-10-10 22:31:18] php.EMERGENCY: Fatal Compile Error: Cannot use isset() on the result of a function call (you can use "null !== func()" instead) {"type":64,"file":"/Users/jarnielcataluna/Documents/Projects/nestle-bower-demo/httpdocs/src/Nestle/WebBundle/Controller/BowerController.php","line":55,"level":16383,"stack":[]} []
[2016-10-10 22:31:41] request.ERROR: Uncaught PHP Exception Symfony\Component\HttpKernel\Exception\NotFoundHttpException: "No route found for "GET /images/sort_both.png" (from "http://app.bower-dev.com/css/jquery.dataTables.css")" at /Users/jarnielcataluna/Documents/Projects/nestle-bower-demo/httpdocs/app/cache/prod/classes.php line 2449 {"exception":"[object] (Symfony\\Component\\HttpKernel\\Exception\\NotFoundHttpException(code: 0): No route found for \"GET /images/sort_both.png\" (from \"http://app.bower-dev.com/css/jquery.dataTables.css\") at /Users/jarnielcataluna/Documents/Projects/nestle-bower-demo/httpdocs/app/cache/prod/classes.php:2449, Symfony\\Component\\Routing\\Exception\\ResourceNotFoundException(code: 0):  at /Users/jarnielcataluna/Documents/Projects/nestle-bower-demo/httpdocs/app/cache/prod/appProdUrlMatcher.php:406)"} []
[2016-10-10 22:31:41] event.DEBUG: Notified event "kernel.request" to listener "Symfony\Component\EventDispatcher\Debug\WrappedListener::__invoke". [] []
[2016-10-10 22:31:41] event.DEBUG: Notified event "kernel.request" to listener "Symfony\Component\EventDispatcher\Debug\WrappedListener::__invoke". [] []
[2016-10-10 22:31:41] event.DEBUG: Notified event "kernel.request" to listener "Symfony\Component\EventDispatcher\Debug\WrappedListener::__invoke". [] []
[2016-10-10 22:31:41] event.DEBUG: Notified event "kernel.request" to listener "Symfony\Component\EventDispatcher\Debug\WrappedListener::__invoke". [] []
[2016-10-10 22:31:41] event.DEBUG: Notified event "kernel.request" to listener "Symfony\Component\EventDispatcher\Debug\WrappedListener::__invoke". [] []
[2016-10-10 22:31:41] event.DEBUG: Notified event "kernel.request" to listener "Symfony\Component\EventDispatcher\Debug\WrappedListener::__invoke". [] []
[2016-10-10 22:31:41] event.DEBUG: Notified event "kernel.request" to listener "Symfony\Component\EventDispatcher\Debug\WrappedListener::__invoke". [] []
[2016-10-10 22:31:41] request.ERROR: Uncaught PHP Exception Symfony\Component\HttpKernel\Exception\NotFoundHttpException: "No route found for "GET /images/sort_desc.png" (from "http://app.bower-dev.com/css/jquery.dataTables.css")" at /Users/jarnielcataluna/Documents/Projects/nestle-bower-demo/httpdocs/app/cache/prod/classes.php line 2449 {"exception":"[object] (Symfony\\Component\\HttpKernel\\Exception\\NotFoundHttpException(code: 0): No route found for \"GET /images/sort_desc.png\" (from \"http://app.bower-dev.com/css/jquery.dataTables.css\") at /Users/jarnielcataluna/Documents/Projects/nestle-bower-demo/httpdocs/app/cache/prod/classes.php:2449, Symfony\\Component\\Routing\\Exception\\ResourceNotFoundException(code: 0):  at /Users/jarnielcataluna/Documents/Projects/nestle-bower-demo/httpdocs/app/cache/prod/appProdUrlMatcher.php:406)"} []
[2016-10-10 22:31:41] event.DEBUG: Notified event "kernel.request" to listener "Symfony\Component\EventDispatcher\Debug\WrappedListener::__invoke". [] []
[2016-10-10 22:31:41] event.DEBUG: Notified event "kernel.request" to listener "Symfony\Component\EventDispatcher\Debug\WrappedListener::__invoke". [] []
[2016-10-10 22:31:41] event.DEBUG: Notified event "kernel.request" to listener "Symfony\Component\EventDispatcher\Debug\WrappedListener::__invoke". [] []
[2016-10-10 22:31:41] event.DEBUG: Notified event "kernel.request" to listener "Symfony\Component\EventDispatcher\Debug\WrappedListener::__invoke". [] []
[2016-10-10 22:31:41] event.DEBUG: Notified event "kernel.request" to listener "Symfony\Component\EventDispatcher\Debug\WrappedListener::__invoke". [] []
[2016-10-10 22:31:41] event.DEBUG: Notified event "kernel.request" to listener "Symfony\Component\EventDispatcher\Debug\WrappedListener::__invoke". [] []
[2016-10-10 22:31:41] event.DEBUG: Notified event "kernel.request" to listener "Symfony\Component\EventDispatcher\Debug\WrappedListener::__invoke". [] []
[2016-10-10 22:31:41] event.DEBUG: Notified event "kernel.controller" to listener "Sensio\Bundle\FrameworkExtraBundle\EventListener\ControllerListener::onKernelController". [] []
[2016-10-10 22:31:41] event.DEBUG: Notified event "kernel.controller" to listener "Sensio\Bundle\FrameworkExtraBundle\EventListener\ParamConverterListener::onKernelController". [] []
[2016-10-10 22:31:41] event.DEBUG: Notified event "kernel.controller" to listener "Sensio\Bundle\FrameworkExtraBundle\EventListener\HttpCacheListener::onKernelController". [] []
[2016-10-10 22:31:41] event.DEBUG: Notified event "kernel.controller" to listener "Sensio\Bundle\FrameworkExtraBundle\EventListener\SecurityListener::onKernelController". [] []
[2016-10-10 22:31:41] event.DEBUG: Notified event "kernel.controller" to listener "Sensio\Bundle\FrameworkExtraBundle\EventListener\TemplateListener::onKernelController". [] []
[2016-10-10 22:31:41] event.DEBUG: Notified event "kernel.controller" to listener "Sensio\Bundle\FrameworkExtraBundle\EventListener\ControllerListener::onKernelController". [] []
[2016-10-10 22:31:41] event.DEBUG: Notified event "kernel.controller" to listener "Sensio\Bundle\FrameworkExtraBundle\EventListener\ParamConverterListener::onKernelController". [] []
[2016-10-10 22:31:41] event.DEBUG: Notified event "kernel.controller" to listener "Sensio\Bundle\FrameworkExtraBundle\EventListener\HttpCacheListener::onKernelController". [] []
[2016-10-10 22:31:41] event.DEBUG: Notified event "kernel.controller" to listener "Sensio\Bundle\FrameworkExtraBundle\EventListener\SecurityListener::onKernelController". [] []
[2016-10-10 22:31:41] event.DEBUG: Notified event "kernel.controller" to listener "Sensio\Bundle\FrameworkExtraBundle\EventListener\TemplateListener::onKernelController". [] []
[2016-10-10 22:31:41] php.DEBUG: The Twig_Filter_Method class is deprecated since version 1.12 and will be removed in 2.0. Use Twig_SimpleFilter instead. {"type":16384,"file":"/Users/jarnielcataluna/Documents/Projects/nestle-bower-demo/httpdocs/vendor/twig/twig/lib/Twig/Filter/Method.php","line":12,"level":4352} []
[2016-10-10 22:31:41] php.DEBUG: The Twig_Filter class is deprecated since version 1.12 and will be removed in 2.0. Use Twig_SimpleFilter instead. {"type":16384,"file":"/Users/jarnielcataluna/Documents/Projects/nestle-bower-demo/httpdocs/vendor/twig/twig/lib/Twig/Filter.php","line":12,"level":4352} []
[2016-10-10 22:31:41] php.DEBUG: Using an instance of "Twig_Filter_Method" for filter "format_sql" is deprecated since version 1.21. Use Twig_SimpleFilter instead. {"type":16384,"file":"/Users/jarnielcataluna/Documents/Projects/nestle-bower-demo/httpdocs/app/cache/prod/classes.php","line":4136,"level":4352} []
[2016-10-10 22:31:41] php.DEBUG: The Twig_Filter_Method class is deprecated since version 1.12 and will be removed in 2.0. Use Twig_SimpleFilter instead. {"type":16384,"file":"/Users/jarnielcataluna/Documents/Projects/nestle-bower-demo/httpdocs/vendor/twig/twig/lib/Twig/Filter/Method.php","line":12,"level":4352} []
[2016-10-10 22:31:41] php.DEBUG: The Twig_Filter class is deprecated since version 1.12 and will be removed in 2.0. Use Twig_SimpleFilter instead. {"type":16384,"file":"/Users/jarnielcataluna/Documents/Projects/nestle-bower-demo/httpdocs/vendor/twig/twig/lib/Twig/Filter.php","line":12,"level":4352} []
[2016-10-10 22:31:41] php.DEBUG: Using an instance of "Twig_Filter_Method" for filter "format_sql" is deprecated since version 1.21. Use Twig_SimpleFilter instead. {"type":16384,"file":"/Users/jarnielcataluna/Documents/Projects/nestle-bower-demo/httpdocs/app/cache/prod/classes.php","line":4136,"level":4352} []
[2016-10-10 22:31:41] php.DEBUG: Defining the initRuntime() method in the "form" extension is deprecated since version 1.23. Use the `needs_environment` option to get the Twig_Environment instance in filters, functions, or tests; or explicitly implement Twig_Extension_InitRuntimeInterface if needed (not recommended). {"type":16384,"file":"/Users/jarnielcataluna/Documents/Projects/nestle-bower-demo/httpdocs/app/cache/prod/classes.php","line":3817,"level":4352} []
[2016-10-10 22:31:41] php.DEBUG: Defining the initRuntime() method in the "form" extension is deprecated since version 1.23. Use the `needs_environment` option to get the Twig_Environment instance in filters, functions, or tests; or explicitly implement Twig_Extension_InitRuntimeInterface if needed (not recommended). {"type":16384,"file":"/Users/jarnielcataluna/Documents/Projects/nestle-bower-demo/httpdocs/app/cache/prod/classes.php","line":3817,"level":4352} []
[2016-10-10 22:31:42] event.DEBUG: Notified event "kernel.response" to listener "Symfony\Component\HttpKernel\EventListener\ResponseListener::onKernelResponse". [] []
[2016-10-10 22:31:42] event.DEBUG: Notified event "kernel.response" to listener "Symfony\Component\Security\Http\RememberMe\ResponseListener::onKernelResponse". [] []
[2016-10-10 22:31:42] event.DEBUG: Notified event "kernel.response" to listener "Sensio\Bundle\FrameworkExtraBundle\EventListener\HttpCacheListener::onKernelResponse". [] []
[2016-10-10 22:31:42] event.DEBUG: Notified event "kernel.response" to listener "Symfony\Component\HttpKernel\EventListener\SaveSessionListener::onKernelResponse". [] []
[2016-10-10 22:31:42] event.DEBUG: Notified event "kernel.response" to listener "Symfony\Component\HttpKernel\EventListener\StreamedResponseListener::onKernelResponse". [] []
[2016-10-10 22:31:42] event.DEBUG: Notified event "kernel.finish_request" to listener "Symfony\Component\HttpKernel\EventListener\LocaleListener::onKernelFinishRequest". [] []
[2016-10-10 22:31:42] event.DEBUG: Notified event "kernel.finish_request" to listener "Symfony\Component\HttpKernel\EventListener\TranslatorListener::onKernelFinishRequest". [] []
[2016-10-10 22:31:42] event.DEBUG: Notified event "kernel.finish_request" to listener "Symfony\Component\HttpKernel\EventListener\RouterListener::onKernelFinishRequest". [] []
[2016-10-10 22:31:42] event.DEBUG: Notified event "kernel.finish_request" to listener "Symfony\Component\Security\Http\Firewall::onKernelFinishRequest". [] []
[2016-10-10 22:31:42] event.DEBUG: Notified event "kernel.exception" to listener "Symfony\Component\HttpKernel\EventListener\ExceptionListener::onKernelException". [] []
[2016-10-10 22:31:42] event.DEBUG: Listener "Symfony\Component\HttpKernel\EventListener\ExceptionListener::onKernelException" stopped propagation of the event "kernel.exception". [] []
[2016-10-10 22:31:42] event.DEBUG: Notified event "kernel.response" to listener "Symfony\Component\HttpKernel\EventListener\ResponseListener::onKernelResponse". [] []
[2016-10-10 22:31:42] event.DEBUG: Notified event "kernel.response" to listener "Symfony\Component\Security\Http\RememberMe\ResponseListener::onKernelResponse". [] []
[2016-10-10 22:31:42] event.DEBUG: Notified event "kernel.response" to listener "Sensio\Bundle\FrameworkExtraBundle\EventListener\HttpCacheListener::onKernelResponse". [] []
[2016-10-10 22:31:42] event.DEBUG: Notified event "kernel.response" to listener "Symfony\Component\HttpKernel\EventListener\ResponseListener::onKernelResponse". [] []
[2016-10-10 22:31:42] event.DEBUG: Notified event "kernel.response" to listener "Symfony\Component\HttpKernel\EventListener\SaveSessionListener::onKernelResponse". [] []
[2016-10-10 22:31:42] event.DEBUG: Notified event "kernel.response" to listener "Symfony\Component\Security\Http\RememberMe\ResponseListener::onKernelResponse". [] []
[2016-10-10 22:31:42] event.DEBUG: Notified event "kernel.response" to listener "Symfony\Component\HttpKernel\EventListener\StreamedResponseListener::onKernelResponse". [] []
[2016-10-10 22:31:42] event.DEBUG: Notified event "kernel.response" to listener "Sensio\Bundle\FrameworkExtraBundle\EventListener\HttpCacheListener::onKernelResponse". [] []
[2016-10-10 22:31:42] event.DEBUG: Notified event "kernel.response" to listener "Symfony\Component\HttpKernel\EventListener\SaveSessionListener::onKernelResponse". [] []
[2016-10-10 22:31:42] event.DEBUG: Notified event "kernel.response" to listener "Symfony\Component\HttpKernel\EventListener\StreamedResponseListener::onKernelResponse". [] []
[2016-10-10 22:31:42] event.DEBUG: Notified event "kernel.finish_request" to listener "Symfony\Component\HttpKernel\EventListener\LocaleListener::onKernelFinishRequest". [] []
[2016-10-10 22:31:42] event.DEBUG: Notified event "kernel.finish_request" to listener "Symfony\Component\HttpKernel\EventListener\LocaleListener::onKernelFinishRequest". [] []
[2016-10-10 22:31:42] event.DEBUG: Notified event "kernel.finish_request" to listener "Symfony\Component\HttpKernel\EventListener\TranslatorListener::onKernelFinishRequest". [] []
[2016-10-10 22:31:42] event.DEBUG: Notified event "kernel.finish_request" to listener "Symfony\Component\HttpKernel\EventListener\TranslatorListener::onKernelFinishRequest". [] []
[2016-10-10 22:31:42] event.DEBUG: Notified event "kernel.finish_request" to listener "Symfony\Component\HttpKernel\EventListener\RouterListener::onKernelFinishRequest". [] []
[2016-10-10 22:31:42] event.DEBUG: Notified event "kernel.finish_request" to listener "Symfony\Component\HttpKernel\EventListener\RouterListener::onKernelFinishRequest". [] []
[2016-10-10 22:31:42] event.DEBUG: Notified event "kernel.finish_request" to listener "Symfony\Component\Security\Http\Firewall::onKernelFinishRequest". [] []
[2016-10-10 22:31:42] event.DEBUG: Notified event "kernel.finish_request" to listener "Symfony\Component\Security\Http\Firewall::onKernelFinishRequest". [] []
[2016-10-10 22:31:42] event.DEBUG: Notified event "kernel.exception" to listener "Symfony\Component\HttpKernel\EventListener\ExceptionListener::onKernelException". [] []
[2016-10-10 22:31:42] event.DEBUG: Listener "Symfony\Component\HttpKernel\EventListener\ExceptionListener::onKernelException" stopped propagation of the event "kernel.exception". [] []
[2016-10-10 22:31:42] event.DEBUG: Notified event "kernel.terminate" to listener "Symfony\Bundle\SwiftmailerBundle\EventListener\EmailSenderListener::onTerminate". [] []
[2016-10-10 22:31:42] event.DEBUG: Notified event "kernel.response" to listener "Symfony\Component\HttpKernel\EventListener\ResponseListener::onKernelResponse". [] []
[2016-10-10 22:31:42] event.DEBUG: Notified event "kernel.response" to listener "Symfony\Component\Security\Http\RememberMe\ResponseListener::onKernelResponse". [] []
[2016-10-10 22:31:42] event.DEBUG: Notified event "kernel.response" to listener "Sensio\Bundle\FrameworkExtraBundle\EventListener\HttpCacheListener::onKernelResponse". [] []
[2016-10-10 22:31:42] event.DEBUG: Notified event "kernel.response" to listener "Symfony\Component\HttpKernel\EventListener\SaveSessionListener::onKernelResponse". [] []
[2016-10-10 22:31:42] event.DEBUG: Notified event "kernel.response" to listener "Symfony\Component\HttpKernel\EventListener\StreamedResponseListener::onKernelResponse". [] []
[2016-10-10 22:31:42] event.DEBUG: Notified event "kernel.finish_request" to listener "Symfony\Component\HttpKernel\EventListener\LocaleListener::onKernelFinishRequest". [] []
[2016-10-10 22:31:42] event.DEBUG: Notified event "kernel.finish_request" to listener "Symfony\Component\HttpKernel\EventListener\TranslatorListener::onKernelFinishRequest". [] []
[2016-10-10 22:31:42] event.DEBUG: Notified event "kernel.finish_request" to listener "Symfony\Component\HttpKernel\EventListener\RouterListener::onKernelFinishRequest". [] []
[2016-10-10 22:31:42] event.DEBUG: Notified event "kernel.finish_request" to listener "Symfony\Component\Security\Http\Firewall::onKernelFinishRequest". [] []
[2016-10-10 22:31:42] event.DEBUG: Notified event "kernel.terminate" to listener "Symfony\Bundle\SwiftmailerBundle\EventListener\EmailSenderListener::onTerminate". [] []
[2016-10-10 22:31:48] request.INFO: Matched route "nestle_web_bower" (parameters: "_controller": "Nestle\WebBundle\Controller\BowerController::bowersAction", "_route": "nestle_web_bower") [] []
[2016-10-10 22:31:48] security.DEBUG: Read SecurityContext from the session [] []
[2016-10-10 22:31:48] security.DEBUG: Reloading user from user provider. [] []
[2016-10-10 22:31:49] propel.DEBUG: time:  0.248 sec | mem:    8.9 MB | connection: default | SELECT `id`, `fname`, `lname`, `username`, `password`, `level`, `department`, `last_login`, `token`, `status` FROM `users` WHERE `id` = 1 [] []
[2016-10-10 22:31:49] security.DEBUG: Username "admin" was reloaded from user provider. [] []
[2016-10-10 22:31:49] event.DEBUG: Notified event "kernel.request" to listener "Symfony\Component\HttpKernel\EventListener\DebugHandlersListener::configure". [] []
[2016-10-10 22:31:49] event.DEBUG: Notified event "kernel.request" to listener "Symfony\Bundle\FrameworkBundle\EventListener\SessionListener::onKernelRequest". [] []
[2016-10-10 22:31:49] event.DEBUG: Notified event "kernel.request" to listener "Symfony\Component\HttpKernel\EventListener\FragmentListener::onKernelRequest". [] []
[2016-10-10 22:31:49] event.DEBUG: Notified event "kernel.request" to listener "Symfony\Component\HttpKernel\EventListener\RouterListener::onKernelRequest". [] []
[2016-10-10 22:31:49] event.DEBUG: Notified event "kernel.request" to listener "Symfony\Component\HttpKernel\EventListener\LocaleListener::onKernelRequest". [] []
[2016-10-10 22:31:49] event.DEBUG: Notified event "kernel.request" to listener "Symfony\Component\HttpKernel\EventListener\TranslatorListener::onKernelRequest". [] []
[2016-10-10 22:31:49] event.DEBUG: Notified event "kernel.request" to listener "Symfony\Component\Security\Http\Firewall::onKernelRequest". [] []
[2016-10-10 22:31:49] event.DEBUG: Notified event "kernel.controller" to listener "Sensio\Bundle\FrameworkExtraBundle\EventListener\ControllerListener::onKernelController". [] []
[2016-10-10 22:31:49] event.DEBUG: Notified event "kernel.controller" to listener "Sensio\Bundle\FrameworkExtraBundle\EventListener\ParamConverterListener::onKernelController". [] []
[2016-10-10 22:31:49] event.DEBUG: Notified event "kernel.controller" to listener "Sensio\Bundle\FrameworkExtraBundle\EventListener\HttpCacheListener::onKernelController". [] []
[2016-10-10 22:31:49] event.DEBUG: Notified event "kernel.controller" to listener "Sensio\Bundle\FrameworkExtraBundle\EventListener\SecurityListener::onKernelController". [] []
[2016-10-10 22:31:49] event.DEBUG: Notified event "kernel.controller" to listener "Sensio\Bundle\FrameworkExtraBundle\EventListener\TemplateListener::onKernelController". [] []
[2016-10-10 22:31:49] propel.DEBUG: time:  0.250 sec | mem:   10.3 MB | connection: default | SELECT bower.id, bower.fname, bower.lname, bower.contact_number, bower.bdate, bower.username, bower.password, bower.area_id, bower.status, bower.bower_id, bower.distributor, bower.nestle_region, bower.distributor_id FROM `bower` WHERE bower.status<>-1 [] []
[2016-10-10 22:31:49] propel.DEBUG: time:  0.247 sec | mem:   11.2 MB | connection: default | SELECT area.id, area.area, area.city_id, area.status FROM `area` WHERE area.id=10 [] []
[2016-10-10 22:31:50] propel.DEBUG: time:  0.247 sec | mem:   11.8 MB | connection: default | SELECT city.id, city.city, city.province_id, city.status FROM `city` WHERE city.id=976 [] []
[2016-10-10 22:31:50] propel.DEBUG: time:  0.247 sec | mem:   12.5 MB | connection: default | SELECT province.id, province.province, province.region_id, province.status FROM `province` WHERE province.id=47 [] []
[2016-10-10 22:31:50] propel.DEBUG: time:  0.247 sec | mem:   13.0 MB | connection: default | SELECT region.id, region.region, region.status FROM `region` WHERE region.id=1 [] []
[2016-10-10 22:31:50] php.EMERGENCY: Fatal Error: Call to a member function getNestleRegion() on null {"type":1,"file":"/Users/jarnielcataluna/Documents/Projects/nestle-bower-demo/httpdocs/src/Nestle/WebBundle/Controller/BowerController.php","line":55,"level":16383,"stack":[]} []
[2016-10-10 22:31:50] request.CRITICAL: Uncaught PHP Exception Symfony\Component\Debug\Exception\FatalErrorException: "Error: Call to a member function getNestleRegion() on null" at /Users/jarnielcataluna/Documents/Projects/nestle-bower-demo/httpdocs/src/Nestle/WebBundle/Controller/BowerController.php line 55 {"exception":"[object] (Symfony\\Component\\Debug\\Exception\\FatalErrorException(code: 0): Error: Call to a member function getNestleRegion() on null at /Users/jarnielcataluna/Documents/Projects/nestle-bower-demo/httpdocs/src/Nestle/WebBundle/Controller/BowerController.php:55)"} []
[2016-10-10 22:31:50] event.DEBUG: Notified event "kernel.request" to listener "Symfony\Component\HttpKernel\EventListener\DebugHandlersListener::configure". [] []
[2016-10-10 22:31:50] event.DEBUG: Notified event "kernel.request" to listener "Symfony\Bundle\FrameworkBundle\EventListener\SessionListener::onKernelRequest". [] []
[2016-10-10 22:31:50] event.DEBUG: Notified event "kernel.request" to listener "Symfony\Component\HttpKernel\EventListener\FragmentListener::onKernelRequest". [] []
[2016-10-10 22:31:50] event.DEBUG: Notified event "kernel.request" to listener "Symfony\Component\HttpKernel\EventListener\RouterListener::onKernelRequest". [] []
[2016-10-10 22:31:50] event.DEBUG: Notified event "kernel.request" to listener "Symfony\Component\HttpKernel\EventListener\LocaleListener::onKernelRequest". [] []
[2016-10-10 22:31:50] event.DEBUG: Notified event "kernel.request" to listener "Symfony\Component\HttpKernel\EventListener\TranslatorListener::onKernelRequest". [] []
[2016-10-10 22:31:50] event.DEBUG: Notified event "kernel.request" to listener "Symfony\Component\Security\Http\Firewall::onKernelRequest". [] []
[2016-10-10 22:31:50] event.DEBUG: Notified event "kernel.controller" to listener "Sensio\Bundle\FrameworkExtraBundle\EventListener\ControllerListener::onKernelController". [] []
[2016-10-10 22:31:50] event.DEBUG: Notified event "kernel.controller" to listener "Sensio\Bundle\FrameworkExtraBundle\EventListener\ParamConverterListener::onKernelController". [] []
[2016-10-10 22:31:50] event.DEBUG: Notified event "kernel.controller" to listener "Sensio\Bundle\FrameworkExtraBundle\EventListener\HttpCacheListener::onKernelController". [] []
[2016-10-10 22:31:50] event.DEBUG: Notified event "kernel.controller" to listener "Sensio\Bundle\FrameworkExtraBundle\EventListener\SecurityListener::onKernelController". [] []
[2016-10-10 22:31:50] event.DEBUG: Notified event "kernel.controller" to listener "Sensio\Bundle\FrameworkExtraBundle\EventListener\TemplateListener::onKernelController". [] []
[2016-10-10 22:31:50] php.DEBUG: Defining the initRuntime() method in the "form" extension is deprecated since version 1.23. Use the `needs_environment` option to get the Twig_Environment instance in filters, functions, or tests; or explicitly implement Twig_Extension_InitRuntimeInterface if needed (not recommended). {"type":16384,"file":"/Users/jarnielcataluna/Documents/Projects/nestle-bower-demo/httpdocs/app/cache/prod/classes.php","line":3817,"level":4352} []
[2016-10-10 22:31:50] event.DEBUG: Notified event "kernel.response" to listener "Symfony\Component\Security\Http\Firewall\ContextListener::onKernelResponse". [] []
[2016-10-10 22:31:50] event.DEBUG: Notified event "kernel.response" to listener "Symfony\Component\HttpKernel\EventListener\ResponseListener::onKernelResponse". [] []
[2016-10-10 22:31:50] event.DEBUG: Notified event "kernel.response" to listener "Symfony\Component\Security\Http\RememberMe\ResponseListener::onKernelResponse". [] []
[2016-10-10 22:31:50] event.DEBUG: Notified event "kernel.response" to listener "Sensio\Bundle\FrameworkExtraBundle\EventListener\HttpCacheListener::onKernelResponse". [] []
[2016-10-10 22:31:50] event.DEBUG: Notified event "kernel.response" to listener "Symfony\Component\HttpKernel\EventListener\SaveSessionListener::onKernelResponse". [] []
[2016-10-10 22:31:50] event.DEBUG: Notified event "kernel.response" to listener "Symfony\Component\HttpKernel\EventListener\StreamedResponseListener::onKernelResponse". [] []
[2016-10-10 22:31:50] event.DEBUG: Notified event "kernel.finish_request" to listener "Symfony\Component\HttpKernel\EventListener\LocaleListener::onKernelFinishRequest". [] []
[2016-10-10 22:31:50] event.DEBUG: Notified event "kernel.finish_request" to listener "Symfony\Component\HttpKernel\EventListener\TranslatorListener::onKernelFinishRequest". [] []
[2016-10-10 22:31:50] event.DEBUG: Notified event "kernel.finish_request" to listener "Symfony\Component\HttpKernel\EventListener\RouterListener::onKernelFinishRequest". [] []
[2016-10-10 22:31:50] event.DEBUG: Notified event "kernel.finish_request" to listener "Symfony\Component\Security\Http\Firewall::onKernelFinishRequest". [] []
[2016-10-10 22:31:50] event.DEBUG: Notified event "kernel.exception" to listener "Symfony\Component\Security\Http\Firewall\ExceptionListener::onKernelException". [] []
[2016-10-10 22:31:50] event.DEBUG: Notified event "kernel.exception" to listener "Symfony\Component\HttpKernel\EventListener\ExceptionListener::onKernelException". [] []
[2016-10-10 22:31:50] event.DEBUG: Listener "Symfony\Component\HttpKernel\EventListener\ExceptionListener::onKernelException" stopped propagation of the event "kernel.exception". [] []
[2016-10-10 22:31:50] security.DEBUG: Write SecurityContext in the session [] []
[2016-10-10 22:31:50] event.DEBUG: Notified event "kernel.response" to listener "Symfony\Component\HttpKernel\EventListener\ResponseListener::onKernelResponse". [] []
[2016-10-10 22:31:50] event.DEBUG: Notified event "kernel.response" to listener "Symfony\Component\Security\Http\RememberMe\ResponseListener::onKernelResponse". [] []
[2016-10-10 22:31:50] event.DEBUG: Notified event "kernel.response" to listener "Sensio\Bundle\FrameworkExtraBundle\EventListener\HttpCacheListener::onKernelResponse". [] []
[2016-10-10 22:31:50] event.DEBUG: Notified event "kernel.response" to listener "Symfony\Component\HttpKernel\EventListener\SaveSessionListener::onKernelResponse". [] []
[2016-10-10 22:31:50] event.DEBUG: Notified event "kernel.response" to listener "Symfony\Component\HttpKernel\EventListener\StreamedResponseListener::onKernelResponse". [] []
[2016-10-10 22:31:50] event.DEBUG: Notified event "kernel.finish_request" to listener "Symfony\Component\HttpKernel\EventListener\LocaleListener::onKernelFinishRequest". [] []
[2016-10-10 22:31:50] event.DEBUG: Notified event "kernel.finish_request" to listener "Symfony\Component\HttpKernel\EventListener\TranslatorListener::onKernelFinishRequest". [] []
[2016-10-10 22:31:50] event.DEBUG: Notified event "kernel.finish_request" to listener "Symfony\Component\HttpKernel\EventListener\RouterListener::onKernelFinishRequest". [] []
[2016-10-10 22:31:50] event.DEBUG: Notified event "kernel.finish_request" to listener "Symfony\Component\Security\Http\Firewall::onKernelFinishRequest". [] []
[2016-10-10 22:31:50] event.DEBUG: Notified event "kernel.terminate" to listener "Symfony\Bundle\SwiftmailerBundle\EventListener\EmailSenderListener::onTerminate". [] []
[2016-10-10 22:32:13] request.ERROR: Uncaught PHP Exception Symfony\Component\HttpKernel\Exception\NotFoundHttpException: "No route found for "GET /images/sort_both.png" (from "http://app.bower-dev.com/css/jquery.dataTables.css")" at /Users/jarnielcataluna/Documents/Projects/nestle-bower-demo/httpdocs/app/cache/prod/classes.php line 2449 {"exception":"[object] (Symfony\\Component\\HttpKernel\\Exception\\NotFoundHttpException(code: 0): No route found for \"GET /images/sort_both.png\" (from \"http://app.bower-dev.com/css/jquery.dataTables.css\") at /Users/jarnielcataluna/Documents/Projects/nestle-bower-demo/httpdocs/app/cache/prod/classes.php:2449, Symfony\\Component\\Routing\\Exception\\ResourceNotFoundException(code: 0):  at /Users/jarnielcataluna/Documents/Projects/nestle-bower-demo/httpdocs/app/cache/prod/appProdUrlMatcher.php:406)"} []
[2016-10-10 22:32:13] event.DEBUG: Notified event "kernel.request" to listener "Symfony\Component\EventDispatcher\Debug\WrappedListener::__invoke". [] []
[2016-10-10 22:32:13] event.DEBUG: Notified event "kernel.request" to listener "Symfony\Component\EventDispatcher\Debug\WrappedListener::__invoke". [] []
[2016-10-10 22:32:13] event.DEBUG: Notified event "kernel.request" to listener "Symfony\Component\EventDispatcher\Debug\WrappedListener::__invoke". [] []
[2016-10-10 22:32:13] event.DEBUG: Notified event "kernel.request" to listener "Symfony\Component\EventDispatcher\Debug\WrappedListener::__invoke". [] []
[2016-10-10 22:32:13] event.DEBUG: Notified event "kernel.request" to listener "Symfony\Component\EventDispatcher\Debug\WrappedListener::__invoke". [] []
[2016-10-10 22:32:13] event.DEBUG: Notified event "kernel.request" to listener "Symfony\Component\EventDispatcher\Debug\WrappedListener::__invoke". [] []
[2016-10-10 22:32:13] event.DEBUG: Notified event "kernel.request" to listener "Symfony\Component\EventDispatcher\Debug\WrappedListener::__invoke". [] []
[2016-10-10 22:32:13] request.ERROR: Uncaught PHP Exception Symfony\Component\HttpKernel\Exception\NotFoundHttpException: "No route found for "GET /images/sort_desc.png" (from "http://app.bower-dev.com/css/jquery.dataTables.css")" at /Users/jarnielcataluna/Documents/Projects/nestle-bower-demo/httpdocs/app/cache/prod/classes.php line 2449 {"exception":"[object] (Symfony\\Component\\HttpKernel\\Exception\\NotFoundHttpException(code: 0): No route found for \"GET /images/sort_desc.png\" (from \"http://app.bower-dev.com/css/jquery.dataTables.css\") at /Users/jarnielcataluna/Documents/Projects/nestle-bower-demo/httpdocs/app/cache/prod/classes.php:2449, Symfony\\Component\\Routing\\Exception\\ResourceNotFoundException(code: 0):  at /Users/jarnielcataluna/Documents/Projects/nestle-bower-demo/httpdocs/app/cache/prod/appProdUrlMatcher.php:406)"} []
[2016-10-10 22:32:13] event.DEBUG: Notified event "kernel.controller" to listener "Sensio\Bundle\FrameworkExtraBundle\EventListener\ControllerListener::onKernelController". [] []
[2016-10-10 22:32:13] event.DEBUG: Notified event "kernel.controller" to listener "Sensio\Bundle\FrameworkExtraBundle\EventListener\ParamConverterListener::onKernelController". [] []
[2016-10-10 22:32:13] event.DEBUG: Notified event "kernel.controller" to listener "Sensio\Bundle\FrameworkExtraBundle\EventListener\HttpCacheListener::onKernelController". [] []
[2016-10-10 22:32:13] event.DEBUG: Notified event "kernel.controller" to listener "Sensio\Bundle\FrameworkExtraBundle\EventListener\SecurityListener::onKernelController". [] []
[2016-10-10 22:32:13] event.DEBUG: Notified event "kernel.controller" to listener "Sensio\Bundle\FrameworkExtraBundle\EventListener\TemplateListener::onKernelController". [] []
[2016-10-10 22:32:13] event.DEBUG: Notified event "kernel.request" to listener "Symfony\Component\EventDispatcher\Debug\WrappedListener::__invoke". [] []
[2016-10-10 22:32:13] event.DEBUG: Notified event "kernel.request" to listener "Symfony\Component\EventDispatcher\Debug\WrappedListener::__invoke". [] []
[2016-10-10 22:32:13] event.DEBUG: Notified event "kernel.request" to listener "Symfony\Component\EventDispatcher\Debug\WrappedListener::__invoke". [] []
[2016-10-10 22:32:13] event.DEBUG: Notified event "kernel.request" to listener "Symfony\Component\EventDispatcher\Debug\WrappedListener::__invoke". [] []
[2016-10-10 22:32:13] event.DEBUG: Notified event "kernel.request" to listener "Symfony\Component\EventDispatcher\Debug\WrappedListener::__invoke". [] []
[2016-10-10 22:32:13] event.DEBUG: Notified event "kernel.request" to listener "Symfony\Component\EventDispatcher\Debug\WrappedListener::__invoke". [] []
[2016-10-10 22:32:13] event.DEBUG: Notified event "kernel.request" to listener "Symfony\Component\EventDispatcher\Debug\WrappedListener::__invoke". [] []
[2016-10-10 22:32:13] php.DEBUG: Defining the initRuntime() method in the "form" extension is deprecated since version 1.23. Use the `needs_environment` option to get the Twig_Environment instance in filters, functions, or tests; or explicitly implement Twig_Extension_InitRuntimeInterface if needed (not recommended). {"type":16384,"file":"/Users/jarnielcataluna/Documents/Projects/nestle-bower-demo/httpdocs/app/cache/prod/classes.php","line":3817,"level":4352} []
[2016-10-10 22:32:13] event.DEBUG: Notified event "kernel.controller" to listener "Sensio\Bundle\FrameworkExtraBundle\EventListener\ControllerListener::onKernelController". [] []
[2016-10-10 22:32:13] event.DEBUG: Notified event "kernel.controller" to listener "Sensio\Bundle\FrameworkExtraBundle\EventListener\ParamConverterListener::onKernelController". [] []
[2016-10-10 22:32:13] event.DEBUG: Notified event "kernel.controller" to listener "Sensio\Bundle\FrameworkExtraBundle\EventListener\HttpCacheListener::onKernelController". [] []
[2016-10-10 22:32:13] event.DEBUG: Notified event "kernel.controller" to listener "Sensio\Bundle\FrameworkExtraBundle\EventListener\SecurityListener::onKernelController". [] []
[2016-10-10 22:32:13] event.DEBUG: Notified event "kernel.controller" to listener "Sensio\Bundle\FrameworkExtraBundle\EventListener\TemplateListener::onKernelController". [] []
[2016-10-10 22:32:13] php.DEBUG: Defining the initRuntime() method in the "form" extension is deprecated since version 1.23. Use the `needs_environment` option to get the Twig_Environment instance in filters, functions, or tests; or explicitly implement Twig_Extension_InitRuntimeInterface if needed (not recommended). {"type":16384,"file":"/Users/jarnielcataluna/Documents/Projects/nestle-bower-demo/httpdocs/app/cache/prod/classes.php","line":3817,"level":4352} []
[2016-10-10 22:32:14] event.DEBUG: Notified event "kernel.response" to listener "Symfony\Component\HttpKernel\EventListener\ResponseListener::onKernelResponse". [] []
[2016-10-10 22:32:14] event.DEBUG: Notified event "kernel.response" to listener "Symfony\Component\Security\Http\RememberMe\ResponseListener::onKernelResponse". [] []
[2016-10-10 22:32:14] event.DEBUG: Notified event "kernel.response" to listener "Sensio\Bundle\FrameworkExtraBundle\EventListener\HttpCacheListener::onKernelResponse". [] []
[2016-10-10 22:32:14] event.DEBUG: Notified event "kernel.response" to listener "Symfony\Component\HttpKernel\EventListener\SaveSessionListener::onKernelResponse". [] []
[2016-10-10 22:32:14] event.DEBUG: Notified event "kernel.response" to listener "Symfony\Component\HttpKernel\EventListener\StreamedResponseListener::onKernelResponse". [] []
[2016-10-10 22:32:14] event.DEBUG: Notified event "kernel.finish_request" to listener "Symfony\Component\HttpKernel\EventListener\LocaleListener::onKernelFinishRequest". [] []
[2016-10-10 22:32:14] event.DEBUG: Notified event "kernel.finish_request" to listener "Symfony\Component\HttpKernel\EventListener\TranslatorListener::onKernelFinishRequest". [] []
[2016-10-10 22:32:14] event.DEBUG: Notified event "kernel.finish_request" to listener "Symfony\Component\HttpKernel\EventListener\RouterListener::onKernelFinishRequest". [] []
[2016-10-10 22:32:14] event.DEBUG: Notified event "kernel.finish_request" to listener "Symfony\Component\Security\Http\Firewall::onKernelFinishRequest". [] []
[2016-10-10 22:32:14] event.DEBUG: Notified event "kernel.exception" to listener "Symfony\Component\HttpKernel\EventListener\ExceptionListener::onKernelException". [] []
[2016-10-10 22:32:14] event.DEBUG: Listener "Symfony\Component\HttpKernel\EventListener\ExceptionListener::onKernelException" stopped propagation of the event "kernel.exception". [] []
[2016-10-10 22:32:14] event.DEBUG: Notified event "kernel.response" to listener "Symfony\Component\HttpKernel\EventListener\ResponseListener::onKernelResponse". [] []
[2016-10-10 22:32:14] event.DEBUG: Notified event "kernel.response" to listener "Symfony\Component\Security\Http\RememberMe\ResponseListener::onKernelResponse". [] []
[2016-10-10 22:32:14] event.DEBUG: Notified event "kernel.response" to listener "Sensio\Bundle\FrameworkExtraBundle\EventListener\HttpCacheListener::onKernelResponse". [] []
[2016-10-10 22:32:14] event.DEBUG: Notified event "kernel.response" to listener "Symfony\Component\HttpKernel\EventListener\SaveSessionListener::onKernelResponse". [] []
[2016-10-10 22:32:14] event.DEBUG: Notified event "kernel.response" to listener "Symfony\Component\HttpKernel\EventListener\StreamedResponseListener::onKernelResponse". [] []
[2016-10-10 22:32:14] event.DEBUG: Notified event "kernel.finish_request" to listener "Symfony\Component\HttpKernel\EventListener\LocaleListener::onKernelFinishRequest". [] []
[2016-10-10 22:32:14] event.DEBUG: Notified event "kernel.finish_request" to listener "Symfony\Component\HttpKernel\EventListener\TranslatorListener::onKernelFinishRequest". [] []
[2016-10-10 22:32:14] event.DEBUG: Notified event "kernel.finish_request" to listener "Symfony\Component\HttpKernel\EventListener\RouterListener::onKernelFinishRequest". [] []
[2016-10-10 22:32:14] event.DEBUG: Notified event "kernel.finish_request" to listener "Symfony\Component\Security\Http\Firewall::onKernelFinishRequest". [] []
[2016-10-10 22:32:14] event.DEBUG: Notified event "kernel.terminate" to listener "Symfony\Bundle\SwiftmailerBundle\EventListener\EmailSenderListener::onTerminate". [] []
[2016-10-10 22:32:14] event.DEBUG: Notified event "kernel.response" to listener "Symfony\Component\HttpKernel\EventListener\ResponseListener::onKernelResponse". [] []
[2016-10-10 22:32:14] event.DEBUG: Notified event "kernel.response" to listener "Symfony\Component\Security\Http\RememberMe\ResponseListener::onKernelResponse". [] []
[2016-10-10 22:32:14] event.DEBUG: Notified event "kernel.response" to listener "Sensio\Bundle\FrameworkExtraBundle\EventListener\HttpCacheListener::onKernelResponse". [] []
[2016-10-10 22:32:14] event.DEBUG: Notified event "kernel.response" to listener "Symfony\Component\HttpKernel\EventListener\SaveSessionListener::onKernelResponse". [] []
[2016-10-10 22:32:14] event.DEBUG: Notified event "kernel.response" to listener "Symfony\Component\HttpKernel\EventListener\StreamedResponseListener::onKernelResponse". [] []
[2016-10-10 22:32:14] event.DEBUG: Notified event "kernel.finish_request" to listener "Symfony\Component\HttpKernel\EventListener\LocaleListener::onKernelFinishRequest". [] []
[2016-10-10 22:32:14] event.DEBUG: Notified event "kernel.finish_request" to listener "Symfony\Component\HttpKernel\EventListener\TranslatorListener::onKernelFinishRequest". [] []
[2016-10-10 22:32:14] event.DEBUG: Notified event "kernel.finish_request" to listener "Symfony\Component\HttpKernel\EventListener\RouterListener::onKernelFinishRequest". [] []
[2016-10-10 22:32:14] event.DEBUG: Notified event "kernel.finish_request" to listener "Symfony\Component\Security\Http\Firewall::onKernelFinishRequest". [] []
[2016-10-10 22:32:14] event.DEBUG: Notified event "kernel.exception" to listener "Symfony\Component\HttpKernel\EventListener\ExceptionListener::onKernelException". [] []
[2016-10-10 22:32:14] event.DEBUG: Listener "Symfony\Component\HttpKernel\EventListener\ExceptionListener::onKernelException" stopped propagation of the event "kernel.exception". [] []
[2016-10-10 22:32:14] event.DEBUG: Notified event "kernel.response" to listener "Symfony\Component\HttpKernel\EventListener\ResponseListener::onKernelResponse". [] []
[2016-10-10 22:32:14] event.DEBUG: Notified event "kernel.response" to listener "Symfony\Component\Security\Http\RememberMe\ResponseListener::onKernelResponse". [] []
[2016-10-10 22:32:14] event.DEBUG: Notified event "kernel.response" to listener "Sensio\Bundle\FrameworkExtraBundle\EventListener\HttpCacheListener::onKernelResponse". [] []
[2016-10-10 22:32:14] event.DEBUG: Notified event "kernel.response" to listener "Symfony\Component\HttpKernel\EventListener\SaveSessionListener::onKernelResponse". [] []
[2016-10-10 22:32:14] event.DEBUG: Notified event "kernel.response" to listener "Symfony\Component\HttpKernel\EventListener\StreamedResponseListener::onKernelResponse". [] []
[2016-10-10 22:32:14] event.DEBUG: Notified event "kernel.finish_request" to listener "Symfony\Component\HttpKernel\EventListener\LocaleListener::onKernelFinishRequest". [] []
[2016-10-10 22:32:14] event.DEBUG: Notified event "kernel.finish_request" to listener "Symfony\Component\HttpKernel\EventListener\TranslatorListener::onKernelFinishRequest". [] []
[2016-10-10 22:32:14] event.DEBUG: Notified event "kernel.finish_request" to listener "Symfony\Component\HttpKernel\EventListener\RouterListener::onKernelFinishRequest". [] []
[2016-10-10 22:32:14] event.DEBUG: Notified event "kernel.finish_request" to listener "Symfony\Component\Security\Http\Firewall::onKernelFinishRequest". [] []
[2016-10-10 22:32:14] event.DEBUG: Notified event "kernel.terminate" to listener "Symfony\Bundle\SwiftmailerBundle\EventListener\EmailSenderListener::onTerminate". [] []
[2016-10-10 22:32:37] request.ERROR: Uncaught PHP Exception Symfony\Component\HttpKernel\Exception\NotFoundHttpException: "No route found for "GET /css/dataTables.colVis.css" (from "http://app.bower-dev.com/bow/bowers/edit/21")" at /Users/jarnielcataluna/Documents/Projects/nestle-bower-demo/httpdocs/app/cache/prod/classes.php line 2449 {"exception":"[object] (Symfony\\Component\\HttpKernel\\Exception\\NotFoundHttpException(code: 0): No route found for \"GET /css/dataTables.colVis.css\" (from \"http://app.bower-dev.com/bow/bowers/edit/21\") at /Users/jarnielcataluna/Documents/Projects/nestle-bower-demo/httpdocs/app/cache/prod/classes.php:2449, Symfony\\Component\\Routing\\Exception\\ResourceNotFoundException(code: 0):  at /Users/jarnielcataluna/Documents/Projects/nestle-bower-demo/httpdocs/app/cache/prod/appProdUrlMatcher.php:406)"} []
[2016-10-10 22:32:37] event.DEBUG: Notified event "kernel.request" to listener "Symfony\Component\EventDispatcher\Debug\WrappedListener::__invoke". [] []
[2016-10-10 22:32:37] event.DEBUG: Notified event "kernel.request" to listener "Symfony\Component\EventDispatcher\Debug\WrappedListener::__invoke". [] []
[2016-10-10 22:32:37] event.DEBUG: Notified event "kernel.request" to listener "Symfony\Component\EventDispatcher\Debug\WrappedListener::__invoke". [] []
[2016-10-10 22:32:37] event.DEBUG: Notified event "kernel.request" to listener "Symfony\Component\EventDispatcher\Debug\WrappedListener::__invoke". [] []
[2016-10-10 22:32:37] event.DEBUG: Notified event "kernel.request" to listener "Symfony\Component\EventDispatcher\Debug\WrappedListener::__invoke". [] []
[2016-10-10 22:32:37] event.DEBUG: Notified event "kernel.request" to listener "Symfony\Component\EventDispatcher\Debug\WrappedListener::__invoke". [] []
[2016-10-10 22:32:37] event.DEBUG: Notified event "kernel.request" to listener "Symfony\Component\EventDispatcher\Debug\WrappedListener::__invoke". [] []
[2016-10-10 22:32:37] event.DEBUG: Notified event "kernel.controller" to listener "Sensio\Bundle\FrameworkExtraBundle\EventListener\ControllerListener::onKernelController". [] []
[2016-10-10 22:32:37] event.DEBUG: Notified event "kernel.controller" to listener "Sensio\Bundle\FrameworkExtraBundle\EventListener\ParamConverterListener::onKernelController". [] []
[2016-10-10 22:32:37] event.DEBUG: Notified event "kernel.controller" to listener "Sensio\Bundle\FrameworkExtraBundle\EventListener\HttpCacheListener::onKernelController". [] []
[2016-10-10 22:32:37] event.DEBUG: Notified event "kernel.controller" to listener "Sensio\Bundle\FrameworkExtraBundle\EventListener\SecurityListener::onKernelController". [] []
[2016-10-10 22:32:37] event.DEBUG: Notified event "kernel.controller" to listener "Sensio\Bundle\FrameworkExtraBundle\EventListener\TemplateListener::onKernelController". [] []
[2016-10-10 22:32:37] php.DEBUG: Defining the initRuntime() method in the "form" extension is deprecated since version 1.23. Use the `needs_environment` option to get the Twig_Environment instance in filters, functions, or tests; or explicitly implement Twig_Extension_InitRuntimeInterface if needed (not recommended). {"type":16384,"file":"/Users/jarnielcataluna/Documents/Projects/nestle-bower-demo/httpdocs/app/cache/prod/classes.php","line":3817,"level":4352} []
[2016-10-10 22:32:38] event.DEBUG: Notified event "kernel.response" to listener "Symfony\Component\HttpKernel\EventListener\ResponseListener::onKernelResponse". [] []
[2016-10-10 22:32:38] event.DEBUG: Notified event "kernel.response" to listener "Symfony\Component\Security\Http\RememberMe\ResponseListener::onKernelResponse". [] []
[2016-10-10 22:32:38] event.DEBUG: Notified event "kernel.response" to listener "Sensio\Bundle\FrameworkExtraBundle\EventListener\HttpCacheListener::onKernelResponse". [] []
[2016-10-10 22:32:38] event.DEBUG: Notified event "kernel.response" to listener "Symfony\Component\HttpKernel\EventListener\SaveSessionListener::onKernelResponse". [] []
[2016-10-10 22:32:38] event.DEBUG: Notified event "kernel.response" to listener "Symfony\Component\HttpKernel\EventListener\StreamedResponseListener::onKernelResponse". [] []
[2016-10-10 22:32:38] event.DEBUG: Notified event "kernel.finish_request" to listener "Symfony\Component\HttpKernel\EventListener\LocaleListener::onKernelFinishRequest". [] []
[2016-10-10 22:32:38] event.DEBUG: Notified event "kernel.finish_request" to listener "Symfony\Component\HttpKernel\EventListener\TranslatorListener::onKernelFinishRequest". [] []
[2016-10-10 22:32:38] event.DEBUG: Notified event "kernel.finish_request" to listener "Symfony\Component\HttpKernel\EventListener\RouterListener::onKernelFinishRequest". [] []
[2016-10-10 22:32:38] event.DEBUG: Notified event "kernel.finish_request" to listener "Symfony\Component\Security\Http\Firewall::onKernelFinishRequest". [] []
[2016-10-10 22:32:38] event.DEBUG: Notified event "kernel.exception" to listener "Symfony\Component\HttpKernel\EventListener\ExceptionListener::onKernelException". [] []
[2016-10-10 22:32:38] event.DEBUG: Listener "Symfony\Component\HttpKernel\EventListener\ExceptionListener::onKernelException" stopped propagation of the event "kernel.exception". [] []
[2016-10-10 22:32:38] event.DEBUG: Notified event "kernel.response" to listener "Symfony\Component\HttpKernel\EventListener\ResponseListener::onKernelResponse". [] []
[2016-10-10 22:32:38] event.DEBUG: Notified event "kernel.response" to listener "Symfony\Component\Security\Http\RememberMe\ResponseListener::onKernelResponse". [] []
[2016-10-10 22:32:38] event.DEBUG: Notified event "kernel.response" to listener "Sensio\Bundle\FrameworkExtraBundle\EventListener\HttpCacheListener::onKernelResponse". [] []
[2016-10-10 22:32:38] event.DEBUG: Notified event "kernel.response" to listener "Symfony\Component\HttpKernel\EventListener\SaveSessionListener::onKernelResponse". [] []
[2016-10-10 22:32:38] event.DEBUG: Notified event "kernel.response" to listener "Symfony\Component\HttpKernel\EventListener\StreamedResponseListener::onKernelResponse". [] []
[2016-10-10 22:32:38] event.DEBUG: Notified event "kernel.finish_request" to listener "Symfony\Component\HttpKernel\EventListener\LocaleListener::onKernelFinishRequest". [] []
[2016-10-10 22:32:38] event.DEBUG: Notified event "kernel.finish_request" to listener "Symfony\Component\HttpKernel\EventListener\TranslatorListener::onKernelFinishRequest". [] []
[2016-10-10 22:32:38] event.DEBUG: Notified event "kernel.finish_request" to listener "Symfony\Component\HttpKernel\EventListener\RouterListener::onKernelFinishRequest". [] []
[2016-10-10 22:32:38] event.DEBUG: Notified event "kernel.finish_request" to listener "Symfony\Component\Security\Http\Firewall::onKernelFinishRequest". [] []
[2016-10-10 22:32:38] event.DEBUG: Notified event "kernel.terminate" to listener "Symfony\Bundle\SwiftmailerBundle\EventListener\EmailSenderListener::onTerminate". [] []
[2016-10-10 22:34:48] request.ERROR: Uncaught PHP Exception Symfony\Component\HttpKernel\Exception\NotFoundHttpException: "No route found for "GET /css/dataTables.colVis.css" (from "http://app.bower-dev.com/bow/bowers/edit/21")" at /Users/jarnielcataluna/Documents/Projects/nestle-bower-demo/httpdocs/app/cache/prod/classes.php line 2449 {"exception":"[object] (Symfony\\Component\\HttpKernel\\Exception\\NotFoundHttpException(code: 0): No route found for \"GET /css/dataTables.colVis.css\" (from \"http://app.bower-dev.com/bow/bowers/edit/21\") at /Users/jarnielcataluna/Documents/Projects/nestle-bower-demo/httpdocs/app/cache/prod/classes.php:2449, Symfony\\Component\\Routing\\Exception\\ResourceNotFoundException(code: 0):  at /Users/jarnielcataluna/Documents/Projects/nestle-bower-demo/httpdocs/app/cache/prod/appProdUrlMatcher.php:406)"} []
[2016-10-10 22:34:48] event.DEBUG: Notified event "kernel.request" to listener "Symfony\Component\EventDispatcher\Debug\WrappedListener::__invoke". [] []
[2016-10-10 22:34:48] event.DEBUG: Notified event "kernel.request" to listener "Symfony\Component\EventDispatcher\Debug\WrappedListener::__invoke". [] []
[2016-10-10 22:34:48] event.DEBUG: Notified event "kernel.request" to listener "Symfony\Component\EventDispatcher\Debug\WrappedListener::__invoke". [] []
[2016-10-10 22:34:48] event.DEBUG: Notified event "kernel.request" to listener "Symfony\Component\EventDispatcher\Debug\WrappedListener::__invoke". [] []
[2016-10-10 22:34:48] event.DEBUG: Notified event "kernel.request" to listener "Symfony\Component\EventDispatcher\Debug\WrappedListener::__invoke". [] []
[2016-10-10 22:34:48] event.DEBUG: Notified event "kernel.request" to listener "Symfony\Component\EventDispatcher\Debug\WrappedListener::__invoke". [] []
[2016-10-10 22:34:48] event.DEBUG: Notified event "kernel.request" to listener "Symfony\Component\EventDispatcher\Debug\WrappedListener::__invoke". [] []
[2016-10-10 22:34:48] event.DEBUG: Notified event "kernel.controller" to listener "Sensio\Bundle\FrameworkExtraBundle\EventListener\ControllerListener::onKernelController". [] []
[2016-10-10 22:34:48] event.DEBUG: Notified event "kernel.controller" to listener "Sensio\Bundle\FrameworkExtraBundle\EventListener\ParamConverterListener::onKernelController". [] []
[2016-10-10 22:34:48] event.DEBUG: Notified event "kernel.controller" to listener "Sensio\Bundle\FrameworkExtraBundle\EventListener\HttpCacheListener::onKernelController". [] []
[2016-10-10 22:34:48] event.DEBUG: Notified event "kernel.controller" to listener "Sensio\Bundle\FrameworkExtraBundle\EventListener\SecurityListener::onKernelController". [] []
[2016-10-10 22:34:48] event.DEBUG: Notified event "kernel.controller" to listener "Sensio\Bundle\FrameworkExtraBundle\EventListener\TemplateListener::onKernelController". [] []
[2016-10-10 22:34:48] php.DEBUG: Defining the initRuntime() method in the "form" extension is deprecated since version 1.23. Use the `needs_environment` option to get the Twig_Environment instance in filters, functions, or tests; or explicitly implement Twig_Extension_InitRuntimeInterface if needed (not recommended). {"type":16384,"file":"/Users/jarnielcataluna/Documents/Projects/nestle-bower-demo/httpdocs/app/cache/prod/classes.php","line":3817,"level":4352} []
[2016-10-10 22:34:49] event.DEBUG: Notified event "kernel.response" to listener "Symfony\Component\HttpKernel\EventListener\ResponseListener::onKernelResponse". [] []
[2016-10-10 22:34:49] event.DEBUG: Notified event "kernel.response" to listener "Symfony\Component\Security\Http\RememberMe\ResponseListener::onKernelResponse". [] []
[2016-10-10 22:34:49] event.DEBUG: Notified event "kernel.response" to listener "Sensio\Bundle\FrameworkExtraBundle\EventListener\HttpCacheListener::onKernelResponse". [] []
[2016-10-10 22:34:49] event.DEBUG: Notified event "kernel.response" to listener "Symfony\Component\HttpKernel\EventListener\SaveSessionListener::onKernelResponse". [] []
[2016-10-10 22:34:49] event.DEBUG: Notified event "kernel.response" to listener "Symfony\Component\HttpKernel\EventListener\StreamedResponseListener::onKernelResponse". [] []
[2016-10-10 22:34:49] event.DEBUG: Notified event "kernel.finish_request" to listener "Symfony\Component\HttpKernel\EventListener\LocaleListener::onKernelFinishRequest". [] []
[2016-10-10 22:34:49] event.DEBUG: Notified event "kernel.finish_request" to listener "Symfony\Component\HttpKernel\EventListener\TranslatorListener::onKernelFinishRequest". [] []
[2016-10-10 22:34:49] event.DEBUG: Notified event "kernel.finish_request" to listener "Symfony\Component\HttpKernel\EventListener\RouterListener::onKernelFinishRequest". [] []
[2016-10-10 22:34:49] event.DEBUG: Notified event "kernel.finish_request" to listener "Symfony\Component\Security\Http\Firewall::onKernelFinishRequest". [] []
[2016-10-10 22:34:49] event.DEBUG: Notified event "kernel.exception" to listener "Symfony\Component\HttpKernel\EventListener\ExceptionListener::onKernelException". [] []
[2016-10-10 22:34:49] event.DEBUG: Listener "Symfony\Component\HttpKernel\EventListener\ExceptionListener::onKernelException" stopped propagation of the event "kernel.exception". [] []
[2016-10-10 22:34:49] event.DEBUG: Notified event "kernel.response" to listener "Symfony\Component\HttpKernel\EventListener\ResponseListener::onKernelResponse". [] []
[2016-10-10 22:34:49] event.DEBUG: Notified event "kernel.response" to listener "Symfony\Component\Security\Http\RememberMe\ResponseListener::onKernelResponse". [] []
[2016-10-10 22:34:49] event.DEBUG: Notified event "kernel.response" to listener "Sensio\Bundle\FrameworkExtraBundle\EventListener\HttpCacheListener::onKernelResponse". [] []
[2016-10-10 22:34:49] event.DEBUG: Notified event "kernel.response" to listener "Symfony\Component\HttpKernel\EventListener\SaveSessionListener::onKernelResponse". [] []
[2016-10-10 22:34:49] event.DEBUG: Notified event "kernel.response" to listener "Symfony\Component\HttpKernel\EventListener\StreamedResponseListener::onKernelResponse". [] []
[2016-10-10 22:34:49] event.DEBUG: Notified event "kernel.finish_request" to listener "Symfony\Component\HttpKernel\EventListener\LocaleListener::onKernelFinishRequest". [] []
[2016-10-10 22:34:49] event.DEBUG: Notified event "kernel.finish_request" to listener "Symfony\Component\HttpKernel\EventListener\TranslatorListener::onKernelFinishRequest". [] []
[2016-10-10 22:34:49] event.DEBUG: Notified event "kernel.finish_request" to listener "Symfony\Component\HttpKernel\EventListener\RouterListener::onKernelFinishRequest". [] []
[2016-10-10 22:34:49] event.DEBUG: Notified event "kernel.finish_request" to listener "Symfony\Component\Security\Http\Firewall::onKernelFinishRequest". [] []
[2016-10-10 22:34:49] event.DEBUG: Notified event "kernel.terminate" to listener "Symfony\Bundle\SwiftmailerBundle\EventListener\EmailSenderListener::onTerminate". [] []
[2016-10-10 22:36:39] request.ERROR: Uncaught PHP Exception Symfony\Component\HttpKernel\Exception\NotFoundHttpException: "No route found for "GET /css/dataTables.colVis.css" (from "http://app.bower-dev.com/bow/bowers/edit/21")" at /Users/jarnielcataluna/Documents/Projects/nestle-bower-demo/httpdocs/app/cache/prod/classes.php line 2449 {"exception":"[object] (Symfony\\Component\\HttpKernel\\Exception\\NotFoundHttpException(code: 0): No route found for \"GET /css/dataTables.colVis.css\" (from \"http://app.bower-dev.com/bow/bowers/edit/21\") at /Users/jarnielcataluna/Documents/Projects/nestle-bower-demo/httpdocs/app/cache/prod/classes.php:2449, Symfony\\Component\\Routing\\Exception\\ResourceNotFoundException(code: 0):  at /Users/jarnielcataluna/Documents/Projects/nestle-bower-demo/httpdocs/app/cache/prod/appProdUrlMatcher.php:406)"} []
[2016-10-10 22:36:39] event.DEBUG: Notified event "kernel.request" to listener "Symfony\Component\EventDispatcher\Debug\WrappedListener::__invoke". [] []
[2016-10-10 22:36:39] event.DEBUG: Notified event "kernel.request" to listener "Symfony\Component\EventDispatcher\Debug\WrappedListener::__invoke". [] []
[2016-10-10 22:36:39] event.DEBUG: Notified event "kernel.request" to listener "Symfony\Component\EventDispatcher\Debug\WrappedListener::__invoke". [] []
[2016-10-10 22:36:39] event.DEBUG: Notified event "kernel.request" to listener "Symfony\Component\EventDispatcher\Debug\WrappedListener::__invoke". [] []
[2016-10-10 22:36:39] event.DEBUG: Notified event "kernel.request" to listener "Symfony\Component\EventDispatcher\Debug\WrappedListener::__invoke". [] []
[2016-10-10 22:36:39] event.DEBUG: Notified event "kernel.request" to listener "Symfony\Component\EventDispatcher\Debug\WrappedListener::__invoke". [] []
[2016-10-10 22:36:39] event.DEBUG: Notified event "kernel.request" to listener "Symfony\Component\EventDispatcher\Debug\WrappedListener::__invoke". [] []
[2016-10-10 22:36:40] event.DEBUG: Notified event "kernel.controller" to listener "Sensio\Bundle\FrameworkExtraBundle\EventListener\ControllerListener::onKernelController". [] []
[2016-10-10 22:36:40] event.DEBUG: Notified event "kernel.controller" to listener "Sensio\Bundle\FrameworkExtraBundle\EventListener\ParamConverterListener::onKernelController". [] []
[2016-10-10 22:36:40] event.DEBUG: Notified event "kernel.controller" to listener "Sensio\Bundle\FrameworkExtraBundle\EventListener\HttpCacheListener::onKernelController". [] []
[2016-10-10 22:36:40] event.DEBUG: Notified event "kernel.controller" to listener "Sensio\Bundle\FrameworkExtraBundle\EventListener\SecurityListener::onKernelController". [] []
[2016-10-10 22:36:40] event.DEBUG: Notified event "kernel.controller" to listener "Sensio\Bundle\FrameworkExtraBundle\EventListener\TemplateListener::onKernelController". [] []
[2016-10-10 22:36:40] php.DEBUG: Defining the initRuntime() method in the "form" extension is deprecated since version 1.23. Use the `needs_environment` option to get the Twig_Environment instance in filters, functions, or tests; or explicitly implement Twig_Extension_InitRuntimeInterface if needed (not recommended). {"type":16384,"file":"/Users/jarnielcataluna/Documents/Projects/nestle-bower-demo/httpdocs/app/cache/prod/classes.php","line":3817,"level":4352} []
[2016-10-10 22:36:40] event.DEBUG: Notified event "kernel.response" to listener "Symfony\Component\HttpKernel\EventListener\ResponseListener::onKernelResponse". [] []
[2016-10-10 22:36:40] event.DEBUG: Notified event "kernel.response" to listener "Symfony\Component\Security\Http\RememberMe\ResponseListener::onKernelResponse". [] []
[2016-10-10 22:36:40] event.DEBUG: Notified event "kernel.response" to listener "Sensio\Bundle\FrameworkExtraBundle\EventListener\HttpCacheListener::onKernelResponse". [] []
[2016-10-10 22:36:40] event.DEBUG: Notified event "kernel.response" to listener "Symfony\Component\HttpKernel\EventListener\SaveSessionListener::onKernelResponse". [] []
[2016-10-10 22:36:40] event.DEBUG: Notified event "kernel.response" to listener "Symfony\Component\HttpKernel\EventListener\StreamedResponseListener::onKernelResponse". [] []
[2016-10-10 22:36:40] event.DEBUG: Notified event "kernel.finish_request" to listener "Symfony\Component\HttpKernel\EventListener\LocaleListener::onKernelFinishRequest". [] []
[2016-10-10 22:36:40] event.DEBUG: Notified event "kernel.finish_request" to listener "Symfony\Component\HttpKernel\EventListener\TranslatorListener::onKernelFinishRequest". [] []
[2016-10-10 22:36:40] event.DEBUG: Notified event "kernel.finish_request" to listener "Symfony\Component\HttpKernel\EventListener\RouterListener::onKernelFinishRequest". [] []
[2016-10-10 22:36:40] event.DEBUG: Notified event "kernel.finish_request" to listener "Symfony\Component\Security\Http\Firewall::onKernelFinishRequest". [] []
[2016-10-10 22:36:40] event.DEBUG: Notified event "kernel.exception" to listener "Symfony\Component\HttpKernel\EventListener\ExceptionListener::onKernelException". [] []
[2016-10-10 22:36:40] event.DEBUG: Listener "Symfony\Component\HttpKernel\EventListener\ExceptionListener::onKernelException" stopped propagation of the event "kernel.exception". [] []
[2016-10-10 22:36:40] event.DEBUG: Notified event "kernel.response" to listener "Symfony\Component\HttpKernel\EventListener\ResponseListener::onKernelResponse". [] []
[2016-10-10 22:36:40] event.DEBUG: Notified event "kernel.response" to listener "Symfony\Component\Security\Http\RememberMe\ResponseListener::onKernelResponse". [] []
[2016-10-10 22:36:40] event.DEBUG: Notified event "kernel.response" to listener "Sensio\Bundle\FrameworkExtraBundle\EventListener\HttpCacheListener::onKernelResponse". [] []
[2016-10-10 22:36:40] event.DEBUG: Notified event "kernel.response" to listener "Symfony\Component\HttpKernel\EventListener\SaveSessionListener::onKernelResponse". [] []
[2016-10-10 22:36:40] event.DEBUG: Notified event "kernel.response" to listener "Symfony\Component\HttpKernel\EventListener\StreamedResponseListener::onKernelResponse". [] []
[2016-10-10 22:36:40] event.DEBUG: Notified event "kernel.finish_request" to listener "Symfony\Component\HttpKernel\EventListener\LocaleListener::onKernelFinishRequest". [] []
[2016-10-10 22:36:40] event.DEBUG: Notified event "kernel.finish_request" to listener "Symfony\Component\HttpKernel\EventListener\TranslatorListener::onKernelFinishRequest". [] []
[2016-10-10 22:36:40] event.DEBUG: Notified event "kernel.finish_request" to listener "Symfony\Component\HttpKernel\EventListener\RouterListener::onKernelFinishRequest". [] []
[2016-10-10 22:36:40] event.DEBUG: Notified event "kernel.finish_request" to listener "Symfony\Component\Security\Http\Firewall::onKernelFinishRequest". [] []
[2016-10-10 22:36:40] event.DEBUG: Notified event "kernel.terminate" to listener "Symfony\Bundle\SwiftmailerBundle\EventListener\EmailSenderListener::onTerminate". [] []
[2016-10-10 22:36:52] request.ERROR: Uncaught PHP Exception Symfony\Component\HttpKernel\Exception\NotFoundHttpException: "No route found for "GET /images/sort_both.png" (from "http://app.bower-dev.com/css/jquery.dataTables.css")" at /Users/jarnielcataluna/Documents/Projects/nestle-bower-demo/httpdocs/app/cache/prod/classes.php line 2449 {"exception":"[object] (Symfony\\Component\\HttpKernel\\Exception\\NotFoundHttpException(code: 0): No route found for \"GET /images/sort_both.png\" (from \"http://app.bower-dev.com/css/jquery.dataTables.css\") at /Users/jarnielcataluna/Documents/Projects/nestle-bower-demo/httpdocs/app/cache/prod/classes.php:2449, Symfony\\Component\\Routing\\Exception\\ResourceNotFoundException(code: 0):  at /Users/jarnielcataluna/Documents/Projects/nestle-bower-demo/httpdocs/app/cache/prod/appProdUrlMatcher.php:406)"} []
[2016-10-10 22:36:52] event.DEBUG: Notified event "kernel.request" to listener "Symfony\Component\EventDispatcher\Debug\WrappedListener::__invoke". [] []
[2016-10-10 22:36:52] event.DEBUG: Notified event "kernel.request" to listener "Symfony\Component\EventDispatcher\Debug\WrappedListener::__invoke". [] []
[2016-10-10 22:36:52] event.DEBUG: Notified event "kernel.request" to listener "Symfony\Component\EventDispatcher\Debug\WrappedListener::__invoke". [] []
[2016-10-10 22:36:52] event.DEBUG: Notified event "kernel.request" to listener "Symfony\Component\EventDispatcher\Debug\WrappedListener::__invoke". [] []
[2016-10-10 22:36:52] event.DEBUG: Notified event "kernel.request" to listener "Symfony\Component\EventDispatcher\Debug\WrappedListener::__invoke". [] []
[2016-10-10 22:36:52] event.DEBUG: Notified event "kernel.request" to listener "Symfony\Component\EventDispatcher\Debug\WrappedListener::__invoke". [] []
[2016-10-10 22:36:52] event.DEBUG: Notified event "kernel.request" to listener "Symfony\Component\EventDispatcher\Debug\WrappedListener::__invoke". [] []
[2016-10-10 22:36:52] event.DEBUG: Notified event "kernel.controller" to listener "Sensio\Bundle\FrameworkExtraBundle\EventListener\ControllerListener::onKernelController". [] []
[2016-10-10 22:36:52] event.DEBUG: Notified event "kernel.controller" to listener "Sensio\Bundle\FrameworkExtraBundle\EventListener\ParamConverterListener::onKernelController". [] []
[2016-10-10 22:36:52] event.DEBUG: Notified event "kernel.controller" to listener "Sensio\Bundle\FrameworkExtraBundle\EventListener\HttpCacheListener::onKernelController". [] []
[2016-10-10 22:36:52] event.DEBUG: Notified event "kernel.controller" to listener "Sensio\Bundle\FrameworkExtraBundle\EventListener\SecurityListener::onKernelController". [] []
[2016-10-10 22:36:52] event.DEBUG: Notified event "kernel.controller" to listener "Sensio\Bundle\FrameworkExtraBundle\EventListener\TemplateListener::onKernelController". [] []
[2016-10-10 22:36:52] php.DEBUG: Defining the initRuntime() method in the "form" extension is deprecated since version 1.23. Use the `needs_environment` option to get the Twig_Environment instance in filters, functions, or tests; or explicitly implement Twig_Extension_InitRuntimeInterface if needed (not recommended). {"type":16384,"file":"/Users/jarnielcataluna/Documents/Projects/nestle-bower-demo/httpdocs/app/cache/prod/classes.php","line":3817,"level":4352} []
[2016-10-10 22:36:52] request.ERROR: Uncaught PHP Exception Symfony\Component\HttpKernel\Exception\NotFoundHttpException: "No route found for "GET /images/sort_desc.png" (from "http://app.bower-dev.com/css/jquery.dataTables.css")" at /Users/jarnielcataluna/Documents/Projects/nestle-bower-demo/httpdocs/app/cache/prod/classes.php line 2449 {"exception":"[object] (Symfony\\Component\\HttpKernel\\Exception\\NotFoundHttpException(code: 0): No route found for \"GET /images/sort_desc.png\" (from \"http://app.bower-dev.com/css/jquery.dataTables.css\") at /Users/jarnielcataluna/Documents/Projects/nestle-bower-demo/httpdocs/app/cache/prod/classes.php:2449, Symfony\\Component\\Routing\\Exception\\ResourceNotFoundException(code: 0):  at /Users/jarnielcataluna/Documents/Projects/nestle-bower-demo/httpdocs/app/cache/prod/appProdUrlMatcher.php:406)"} []
[2016-10-10 22:36:52] event.DEBUG: Notified event "kernel.request" to listener "Symfony\Component\EventDispatcher\Debug\WrappedListener::__invoke". [] []
[2016-10-10 22:36:52] event.DEBUG: Notified event "kernel.request" to listener "Symfony\Component\EventDispatcher\Debug\WrappedListener::__invoke". [] []
[2016-10-10 22:36:52] event.DEBUG: Notified event "kernel.request" to listener "Symfony\Component\EventDispatcher\Debug\WrappedListener::__invoke". [] []
[2016-10-10 22:36:52] event.DEBUG: Notified event "kernel.request" to listener "Symfony\Component\EventDispatcher\Debug\WrappedListener::__invoke". [] []
[2016-10-10 22:36:52] event.DEBUG: Notified event "kernel.request" to listener "Symfony\Component\EventDispatcher\Debug\WrappedListener::__invoke". [] []
[2016-10-10 22:36:52] event.DEBUG: Notified event "kernel.request" to listener "Symfony\Component\EventDispatcher\Debug\WrappedListener::__invoke". [] []
[2016-10-10 22:36:52] event.DEBUG: Notified event "kernel.request" to listener "Symfony\Component\EventDispatcher\Debug\WrappedListener::__invoke". [] []
[2016-10-10 22:36:52] event.DEBUG: Notified event "kernel.controller" to listener "Sensio\Bundle\FrameworkExtraBundle\EventListener\ControllerListener::onKernelController". [] []
[2016-10-10 22:36:52] event.DEBUG: Notified event "kernel.controller" to listener "Sensio\Bundle\FrameworkExtraBundle\EventListener\ParamConverterListener::onKernelController". [] []
[2016-10-10 22:36:52] event.DEBUG: Notified event "kernel.controller" to listener "Sensio\Bundle\FrameworkExtraBundle\EventListener\HttpCacheListener::onKernelController". [] []
[2016-10-10 22:36:52] event.DEBUG: Notified event "kernel.controller" to listener "Sensio\Bundle\FrameworkExtraBundle\EventListener\SecurityListener::onKernelController". [] []
[2016-10-10 22:36:52] event.DEBUG: Notified event "kernel.controller" to listener "Sensio\Bundle\FrameworkExtraBundle\EventListener\TemplateListener::onKernelController". [] []
[2016-10-10 22:36:52] php.DEBUG: Defining the initRuntime() method in the "form" extension is deprecated since version 1.23. Use the `needs_environment` option to get the Twig_Environment instance in filters, functions, or tests; or explicitly implement Twig_Extension_InitRuntimeInterface if needed (not recommended). {"type":16384,"file":"/Users/jarnielcataluna/Documents/Projects/nestle-bower-demo/httpdocs/app/cache/prod/classes.php","line":3817,"level":4352} []
[2016-10-10 22:36:53] event.DEBUG: Notified event "kernel.response" to listener "Symfony\Component\HttpKernel\EventListener\ResponseListener::onKernelResponse". [] []
[2016-10-10 22:36:53] event.DEBUG: Notified event "kernel.response" to listener "Symfony\Component\Security\Http\RememberMe\ResponseListener::onKernelResponse". [] []
[2016-10-10 22:36:53] event.DEBUG: Notified event "kernel.response" to listener "Sensio\Bundle\FrameworkExtraBundle\EventListener\HttpCacheListener::onKernelResponse". [] []
[2016-10-10 22:36:53] event.DEBUG: Notified event "kernel.response" to listener "Symfony\Component\HttpKernel\EventListener\SaveSessionListener::onKernelResponse". [] []
[2016-10-10 22:36:53] event.DEBUG: Notified event "kernel.response" to listener "Symfony\Component\HttpKernel\EventListener\StreamedResponseListener::onKernelResponse". [] []
[2016-10-10 22:36:53] event.DEBUG: Notified event "kernel.finish_request" to listener "Symfony\Component\HttpKernel\EventListener\LocaleListener::onKernelFinishRequest". [] []
[2016-10-10 22:36:53] event.DEBUG: Notified event "kernel.finish_request" to listener "Symfony\Component\HttpKernel\EventListener\TranslatorListener::onKernelFinishRequest". [] []
[2016-10-10 22:36:53] event.DEBUG: Notified event "kernel.finish_request" to listener "Symfony\Component\HttpKernel\EventListener\RouterListener::onKernelFinishRequest". [] []
[2016-10-10 22:36:53] event.DEBUG: Notified event "kernel.finish_request" to listener "Symfony\Component\Security\Http\Firewall::onKernelFinishRequest". [] []
[2016-10-10 22:36:53] event.DEBUG: Notified event "kernel.exception" to listener "Symfony\Component\HttpKernel\EventListener\ExceptionListener::onKernelException". [] []
[2016-10-10 22:36:53] event.DEBUG: Listener "Symfony\Component\HttpKernel\EventListener\ExceptionListener::onKernelException" stopped propagation of the event "kernel.exception". [] []
[2016-10-10 22:36:53] event.DEBUG: Notified event "kernel.response" to listener "Symfony\Component\HttpKernel\EventListener\ResponseListener::onKernelResponse". [] []
[2016-10-10 22:36:53] event.DEBUG: Notified event "kernel.response" to listener "Symfony\Component\Security\Http\RememberMe\ResponseListener::onKernelResponse". [] []
[2016-10-10 22:36:53] event.DEBUG: Notified event "kernel.response" to listener "Sensio\Bundle\FrameworkExtraBundle\EventListener\HttpCacheListener::onKernelResponse". [] []
[2016-10-10 22:36:53] event.DEBUG: Notified event "kernel.response" to listener "Symfony\Component\HttpKernel\EventListener\SaveSessionListener::onKernelResponse". [] []
[2016-10-10 22:36:53] event.DEBUG: Notified event "kernel.response" to listener "Symfony\Component\HttpKernel\EventListener\StreamedResponseListener::onKernelResponse". [] []
[2016-10-10 22:36:53] event.DEBUG: Notified event "kernel.finish_request" to listener "Symfony\Component\HttpKernel\EventListener\LocaleListener::onKernelFinishRequest". [] []
[2016-10-10 22:36:53] event.DEBUG: Notified event "kernel.finish_request" to listener "Symfony\Component\HttpKernel\EventListener\TranslatorListener::onKernelFinishRequest". [] []
[2016-10-10 22:36:53] event.DEBUG: Notified event "kernel.finish_request" to listener "Symfony\Component\HttpKernel\EventListener\RouterListener::onKernelFinishRequest". [] []
[2016-10-10 22:36:53] event.DEBUG: Notified event "kernel.finish_request" to listener "Symfony\Component\Security\Http\Firewall::onKernelFinishRequest". [] []
[2016-10-10 22:36:53] event.DEBUG: Notified event "kernel.terminate" to listener "Symfony\Bundle\SwiftmailerBundle\EventListener\EmailSenderListener::onTerminate". [] []
[2016-10-10 22:36:53] event.DEBUG: Notified event "kernel.response" to listener "Symfony\Component\HttpKernel\EventListener\ResponseListener::onKernelResponse". [] []
[2016-10-10 22:36:53] event.DEBUG: Notified event "kernel.response" to listener "Symfony\Component\Security\Http\RememberMe\ResponseListener::onKernelResponse". [] []
[2016-10-10 22:36:53] event.DEBUG: Notified event "kernel.response" to listener "Sensio\Bundle\FrameworkExtraBundle\EventListener\HttpCacheListener::onKernelResponse". [] []
[2016-10-10 22:36:53] event.DEBUG: Notified event "kernel.response" to listener "Symfony\Component\HttpKernel\EventListener\SaveSessionListener::onKernelResponse". [] []
[2016-10-10 22:36:53] event.DEBUG: Notified event "kernel.response" to listener "Symfony\Component\HttpKernel\EventListener\StreamedResponseListener::onKernelResponse". [] []
[2016-10-10 22:36:53] event.DEBUG: Notified event "kernel.finish_request" to listener "Symfony\Component\HttpKernel\EventListener\LocaleListener::onKernelFinishRequest". [] []
[2016-10-10 22:36:53] event.DEBUG: Notified event "kernel.finish_request" to listener "Symfony\Component\HttpKernel\EventListener\TranslatorListener::onKernelFinishRequest". [] []
[2016-10-10 22:36:53] event.DEBUG: Notified event "kernel.finish_request" to listener "Symfony\Component\HttpKernel\EventListener\RouterListener::onKernelFinishRequest". [] []
[2016-10-10 22:36:53] event.DEBUG: Notified event "kernel.finish_request" to listener "Symfony\Component\Security\Http\Firewall::onKernelFinishRequest". [] []
[2016-10-10 22:36:53] event.DEBUG: Notified event "kernel.exception" to listener "Symfony\Component\HttpKernel\EventListener\ExceptionListener::onKernelException". [] []
[2016-10-10 22:36:53] event.DEBUG: Listener "Symfony\Component\HttpKernel\EventListener\ExceptionListener::onKernelException" stopped propagation of the event "kernel.exception". [] []
[2016-10-10 22:36:53] event.DEBUG: Notified event "kernel.response" to listener "Symfony\Component\HttpKernel\EventListener\ResponseListener::onKernelResponse". [] []
[2016-10-10 22:36:53] event.DEBUG: Notified event "kernel.response" to listener "Symfony\Component\Security\Http\RememberMe\ResponseListener::onKernelResponse". [] []
[2016-10-10 22:36:53] event.DEBUG: Notified event "kernel.response" to listener "Sensio\Bundle\FrameworkExtraBundle\EventListener\HttpCacheListener::onKernelResponse". [] []
[2016-10-10 22:36:53] event.DEBUG: Notified event "kernel.response" to listener "Symfony\Component\HttpKernel\EventListener\SaveSessionListener::onKernelResponse". [] []
[2016-10-10 22:36:53] event.DEBUG: Notified event "kernel.response" to listener "Symfony\Component\HttpKernel\EventListener\StreamedResponseListener::onKernelResponse". [] []
[2016-10-10 22:36:53] event.DEBUG: Notified event "kernel.finish_request" to listener "Symfony\Component\HttpKernel\EventListener\LocaleListener::onKernelFinishRequest". [] []
[2016-10-10 22:36:53] event.DEBUG: Notified event "kernel.finish_request" to listener "Symfony\Component\HttpKernel\EventListener\TranslatorListener::onKernelFinishRequest". [] []
[2016-10-10 22:36:53] event.DEBUG: Notified event "kernel.finish_request" to listener "Symfony\Component\HttpKernel\EventListener\RouterListener::onKernelFinishRequest". [] []
[2016-10-10 22:36:53] event.DEBUG: Notified event "kernel.finish_request" to listener "Symfony\Component\Security\Http\Firewall::onKernelFinishRequest". [] []
[2016-10-10 22:36:53] event.DEBUG: Notified event "kernel.terminate" to listener "Symfony\Bundle\SwiftmailerBundle\EventListener\EmailSenderListener::onTerminate". [] []
